[1.352s] Invoking command in '/home/k664309/chapt7/chapt7_ws/src/build/fishbot_description': CMAKE_PREFIX_PATH=${CMAKE_PREFIX_PATH}:/home/k664309/chapt7/chapt7_ws/src/install/fishbot_application:/home/k664309/chapt7/chapt7_ws/src/install/autopatrol_robot:/opt/ros/humble /usr/bin/cmake --build /home/k664309/chapt7/chapt7_ws/src/build/fishbot_description -- -j6 -l6
[1.477s] Invoked command in '/home/k664309/chapt7/chapt7_ws/src/build/fishbot_description' returned '0': CMAKE_PREFIX_PATH=${CMAKE_PREFIX_PATH}:/home/k664309/chapt7/chapt7_ws/src/install/fishbot_application:/home/k664309/chapt7/chapt7_ws/src/install/autopatrol_robot:/opt/ros/humble /usr/bin/cmake --build /home/k664309/chapt7/chapt7_ws/src/build/fishbot_description -- -j6 -l6
[1.478s] Invoking command in '/home/k664309/chapt7/chapt7_ws/src/build/fishbot_description': CMAKE_PREFIX_PATH=${CMAKE_PREFIX_PATH}:/home/k664309/chapt7/chapt7_ws/src/install/fishbot_application:/home/k664309/chapt7/chapt7_ws/src/install/autopatrol_robot:/opt/ros/humble /usr/bin/cmake --install /home/k664309/chapt7/chapt7_ws/src/build/fishbot_description
[1.507s] -- Install configuration: ""
[1.507s] -- Up-to-date: /home/k664309/chapt7/chapt7_ws/src/install/fishbot_description/share/fishbot_description/launch
[1.508s] -- Up-to-date: /home/k664309/chapt7/chapt7_ws/src/install/fishbot_description/share/fishbot_description/launch/gazebo_sim.launch.py
[1.508s] -- Up-to-date: /home/k664309/chapt7/chapt7_ws/src/install/fishbot_description/share/fishbot_description/launch/display_robot.launch.py
[1.508s] -- Up-to-date: /home/k664309/chapt7/chapt7_ws/src/install/fishbot_description/share/fishbot_description/urdf
[1.509s] -- Up-to-date: /home/k664309/chapt7/chapt7_ws/src/install/fishbot_description/share/fishbot_description/urdf/first_robot.gv
[1.509s] -- Up-to-date: /home/k664309/chapt7/chapt7_ws/src/install/fishbot_description/share/fishbot_description/urdf/fishbot
[1.510s] -- Up-to-date: /home/k664309/chapt7/chapt7_ws/src/install/fishbot_description/share/fishbot_description/urdf/fishbot/actuator
[1.512s] -- Up-to-date: /home/k664309/chapt7/chapt7_ws/src/install/fishbot_description/share/fishbot_description/urdf/fishbot/actuator/wheel.urdf.xacro
[1.512s] -- Up-to-date: /home/k664309/chapt7/chapt7_ws/src/install/fishbot_description/share/fishbot_description/urdf/fishbot/actuator/caster.urdf.xacro
[1.512s] -- Up-to-date: /home/k664309/chapt7/chapt7_ws/src/install/fishbot_description/share/fishbot_description/urdf/fishbot/sensor
[1.514s] -- Up-to-date: /home/k664309/chapt7/chapt7_ws/src/install/fishbot_description/share/fishbot_description/urdf/fishbot/sensor/imu.urdf.xacro
[1.514s] -- Up-to-date: /home/k664309/chapt7/chapt7_ws/src/install/fishbot_description/share/fishbot_description/urdf/fishbot/sensor/camera.urdf.xacro
[1.514s] -- Up-to-date: /home/k664309/chapt7/chapt7_ws/src/install/fishbot_description/share/fishbot_description/urdf/fishbot/sensor/laser.urdf.xacro
[1.515s] -- Up-to-date: /home/k664309/chapt7/chapt7_ws/src/install/fishbot_description/share/fishbot_description/urdf/fishbot/plugins
[1.516s] -- Up-to-date: /home/k664309/chapt7/chapt7_ws/src/install/fishbot_description/share/fishbot_description/urdf/fishbot/plugins/gazebo_sensor_plugin.xacro
[1.517s] -- Up-to-date: /home/k664309/chapt7/chapt7_ws/src/install/fishbot_description/share/fishbot_description/urdf/fishbot/plugins/gazebo_control_plugin.xacro
[1.518s] -- Up-to-date: /home/k664309/chapt7/chapt7_ws/src/install/fishbot_description/share/fishbot_description/urdf/fishbot/fishbot_ros2_control.xacro
[1.518s] -- Up-to-date: /home/k664309/chapt7/chapt7_ws/src/install/fishbot_description/share/fishbot_description/urdf/fishbot/fishbot.urdf.xacro
[1.520s] -- Up-to-date: /home/k664309/chapt7/chapt7_ws/src/install/fishbot_description/share/fishbot_description/urdf/fishbot/common_inertia.xacro
[1.520s] -- Up-to-date: /home/k664309/chapt7/chapt7_ws/src/install/fishbot_description/share/fishbot_description/urdf/fishbot/base.urdf.xacro
[1.521s] -- Up-to-date: /home/k664309/chapt7/chapt7_ws/src/install/fishbot_description/share/fishbot_description/urdf/first_robot.urdf
[1.521s] -- Up-to-date: /home/k664309/chapt7/chapt7_ws/src/install/fishbot_description/share/fishbot_description/urdf/first_robot.xacro
[1.522s] -- Up-to-date: /home/k664309/chapt7/chapt7_ws/src/install/fishbot_description/share/fishbot_description/urdf/first_robot.pdf
[1.522s] -- Up-to-date: /home/k664309/chapt7/chapt7_ws/src/install/fishbot_description/share/fishbot_description/config
[1.522s] -- Up-to-date: /home/k664309/chapt7/chapt7_ws/src/install/fishbot_description/share/fishbot_description/config/fishbot_ros2_controller.yaml
[1.522s] -- Up-to-date: /home/k664309/chapt7/chapt7_ws/src/install/fishbot_description/share/fishbot_description/config/display_robot_model.rviz
[1.522s] -- Up-to-date: /home/k664309/chapt7/chapt7_ws/src/install/fishbot_description/share/fishbot_description/world
[1.522s] -- Up-to-date: /home/k664309/chapt7/chapt7_ws/src/install/fishbot_description/share/fishbot_description/world/room
[1.523s] -- Up-to-date: /home/k664309/chapt7/chapt7_ws/src/install/fishbot_description/share/fishbot_description/world/room/model.config
[1.523s] -- Up-to-date: /home/k664309/chapt7/chapt7_ws/src/install/fishbot_description/share/fishbot_description/world/room/model.sdf
[1.523s] -- Up-to-date: /home/k664309/chapt7/chapt7_ws/src/install/fishbot_description/share/fishbot_description/world/custom_room.world
[1.524s] -- Up-to-date: /home/k664309/chapt7/chapt7_ws/src/install/fishbot_description/share/ament_index/resource_index/package_run_dependencies/fishbot_description
[1.524s] -- Up-to-date: /home/k664309/chapt7/chapt7_ws/src/install/fishbot_description/share/ament_index/resource_index/parent_prefix_path/fishbot_description
[1.525s] -- Up-to-date: /home/k664309/chapt7/chapt7_ws/src/install/fishbot_description/share/fishbot_description/environment/ament_prefix_path.sh
[1.525s] -- Up-to-date: /home/k664309/chapt7/chapt7_ws/src/install/fishbot_description/share/fishbot_description/environment/ament_prefix_path.dsv
[1.525s] -- Up-to-date: /home/k664309/chapt7/chapt7_ws/src/install/fishbot_description/share/fishbot_description/environment/path.sh
[1.525s] -- Up-to-date: /home/k664309/chapt7/chapt7_ws/src/install/fishbot_description/share/fishbot_description/environment/path.dsv
[1.526s] -- Up-to-date: /home/k664309/chapt7/chapt7_ws/src/install/fishbot_description/share/fishbot_description/local_setup.bash
[1.526s] -- Up-to-date: /home/k664309/chapt7/chapt7_ws/src/install/fishbot_description/share/fishbot_description/local_setup.sh
[1.526s] -- Up-to-date: /home/k664309/chapt7/chapt7_ws/src/install/fishbot_description/share/fishbot_description/local_setup.zsh
[1.527s] -- Up-to-date: /home/k664309/chapt7/chapt7_ws/src/install/fishbot_description/share/fishbot_description/local_setup.dsv
[1.527s] -- Installing: /home/k664309/chapt7/chapt7_ws/src/install/fishbot_description/share/fishbot_description/package.dsv
[1.528s] -- Up-to-date: /home/k664309/chapt7/chapt7_ws/src/install/fishbot_description/share/ament_index/resource_index/packages/fishbot_description
[1.528s] -- Up-to-date: /home/k664309/chapt7/chapt7_ws/src/install/fishbot_description/share/fishbot_description/cmake/fishbot_descriptionConfig.cmake
[1.529s] -- Up-to-date: /home/k664309/chapt7/chapt7_ws/src/install/fishbot_description/share/fishbot_description/cmake/fishbot_descriptionConfig-version.cmake
[1.529s] -- Up-to-date: /home/k664309/chapt7/chapt7_ws/src/install/fishbot_description/share/fishbot_description/package.xml
[1.539s] Invoked command in '/home/k664309/chapt7/chapt7_ws/src/build/fishbot_description' returned '0': CMAKE_PREFIX_PATH=${CMAKE_PREFIX_PATH}:/home/k664309/chapt7/chapt7_ws/src/install/fishbot_application:/home/k664309/chapt7/chapt7_ws/src/install/autopatrol_robot:/opt/ros/humble /usr/bin/cmake --install /home/k664309/chapt7/chapt7_ws/src/build/fishbot_description
