[2.287s] Invoking command in '/home/k664309/chapt7/chapt7_ws/src/autopatrol_robot': PYTHONPATH=/home/k664309/chapt7/chapt7_ws/src/build/autopatrol_robot/prefix_override:/usr/lib/python3/dist-packages/colcon_core/task/python/colcon_distutils_commands:/home/k664309/chapt7/chapt7_ws/src/install/autopatrol_robot/lib/python3.10/site-packages:${PYTHONPATH} /usr/bin/python3 -W ignore:setup.py install is deprecated -W ignore:easy_install command is deprecated setup.py egg_info --egg-base ../build/autopatrol_robot build --build-base /home/k664309/chapt7/chapt7_ws/src/build/autopatrol_robot/build install --record /home/k664309/chapt7/chapt7_ws/src/build/autopatrol_robot/install.log --single-version-externally-managed install_data
[2.858s] running egg_info
[2.859s] writing ../build/autopatrol_robot/autopatrol_robot.egg-info/PKG-INFO
[2.860s] writing dependency_links to ../build/autopatrol_robot/autopatrol_robot.egg-info/dependency_links.txt
[2.861s] writing entry points to ../build/autopatrol_robot/autopatrol_robot.egg-info/entry_points.txt
[2.861s] writing requirements to ../build/autopatrol_robot/autopatrol_robot.egg-info/requires.txt
[2.862s] writing top-level names to ../build/autopatrol_robot/autopatrol_robot.egg-info/top_level.txt
[2.866s] reading manifest file '../build/autopatrol_robot/autopatrol_robot.egg-info/SOURCES.txt'
[2.869s] writing manifest file '../build/autopatrol_robot/autopatrol_robot.egg-info/SOURCES.txt'
[2.869s] running build
[2.869s] running build_py
[2.869s] copying autopatrol_robot/patrol_node.py -> /home/k664309/chapt7/chapt7_ws/src/build/autopatrol_robot/build/lib/autopatrol_robot
[2.870s] running install
[2.871s] running install_lib
[2.873s] copying /home/k664309/chapt7/chapt7_ws/src/build/autopatrol_robot/build/lib/autopatrol_robot/patrol_node.py -> /home/k664309/chapt7/chapt7_ws/src/install/autopatrol_robot/lib/python3.10/site-packages/autopatrol_robot
[2.874s] byte-compiling /home/k664309/chapt7/chapt7_ws/src/install/autopatrol_robot/lib/python3.10/site-packages/autopatrol_robot/patrol_node.py to patrol_node.cpython-310.pyc
[2.879s] running install_data
[2.879s] copying config/patrol_config.yaml -> /home/k664309/chapt7/chapt7_ws/src/install/autopatrol_robot/share/autopatrol_robot/config
[2.879s] running install_egg_info
[2.883s] removing '/home/k664309/chapt7/chapt7_ws/src/install/autopatrol_robot/lib/python3.10/site-packages/autopatrol_robot-0.0.0-py3.10.egg-info' (and everything under it)
[2.884s] Copying ../build/autopatrol_robot/autopatrol_robot.egg-info to /home/k664309/chapt7/chapt7_ws/src/install/autopatrol_robot/lib/python3.10/site-packages/autopatrol_robot-0.0.0-py3.10.egg-info
[2.886s] running install_scripts
[2.933s] Installing patrol_node script to /home/k664309/chapt7/chapt7_ws/src/install/autopatrol_robot/lib/autopatrol_robot
[2.936s] Installing speaker script to /home/k664309/chapt7/chapt7_ws/src/install/autopatrol_robot/lib/autopatrol_robot
[2.936s] writing list of installed files to '/home/k664309/chapt7/chapt7_ws/src/build/autopatrol_robot/install.log'
[2.986s] Invoked command in '/home/k664309/chapt7/chapt7_ws/src/autopatrol_robot' returned '0': PYTHONPATH=/home/k664309/chapt7/chapt7_ws/src/build/autopatrol_robot/prefix_override:/usr/lib/python3/dist-packages/colcon_core/task/python/colcon_distutils_commands:/home/k664309/chapt7/chapt7_ws/src/install/autopatrol_robot/lib/python3.10/site-packages:${PYTHONPATH} /usr/bin/python3 -W ignore:setup.py install is deprecated -W ignore:easy_install command is deprecated setup.py egg_info --egg-base ../build/autopatrol_robot build --build-base /home/k664309/chapt7/chapt7_ws/src/build/autopatrol_robot/build install --record /home/k664309/chapt7/chapt7_ws/src/build/autopatrol_robot/install.log --single-version-externally-managed install_data
