[0.077s] Invoking command in '/home/k664309/chapt7/chapt7_ws/src/build/autopatrol_interfaces': CMAKE_PREFIX_PATH=/opt/ros/humble /usr/bin/cmake --build /home/k664309/chapt7/chapt7_ws/src/build/autopatrol_interfaces -- -j6 -l6
[1.519s] [35m[1mConsolidate compiler generated dependencies of target autopatrol_interfaces__rosidl_generator_c[0m
[1.520s] [  9%] Built target autopatrol_interfaces__rosidl_generator_c
[1.520s] [ 12%] Built target autopatrol_interfaces__cpp
[1.520s] [ 12%] Built target ament_cmake_python_copy_autopatrol_interfaces
[1.521s] [35m[1mConsolidate compiler generated dependencies of target autopatrol_interfaces__rosidl_typesupport_introspection_c[0m
[1.521s] [35m[1mConsolidate compiler generated dependencies of target autopatrol_interfaces__rosidl_typesupport_c[0m
[1.521s] [35m[1mConsolidate compiler generated dependencies of target autopatrol_interfaces__rosidl_typesupport_fastrtps_c[0m
[1.521s] [35m[1mConsolidate compiler generated dependencies of target autopatrol_interfaces__rosidl_typesupport_fastrtps_cpp[0m
[1.521s] [35m[1mConsolidate compiler generated dependencies of target autopatrol_interfaces__rosidl_typesupport_introspection_cpp[0m
[1.522s] [ 22%] Built target autopatrol_interfaces__rosidl_typesupport_c
[1.523s] [35m[1mConsolidate compiler generated dependencies of target autopatrol_interfaces__rosidl_typesupport_cpp[0m
[1.523s] [ 32%] Built target autopatrol_interfaces__rosidl_typesupport_fastrtps_c
[1.523s] [ 41%] Built target autopatrol_interfaces__rosidl_typesupport_introspection_c
[1.523s] [ 51%] Built target autopatrol_interfaces__rosidl_typesupport_introspection_cpp
[1.524s] [ 61%] Built target autopatrol_interfaces__rosidl_typesupport_fastrtps_cpp
[1.526s] [ 70%] Built target autopatrol_interfaces__rosidl_typesupport_cpp
[1.526s] [ 70%] Built target autopatrol_interfaces
[1.527s] [ 74%] Built target autopatrol_interfaces__py
[1.527s] [35m[1mConsolidate compiler generated dependencies of target autopatrol_interfaces__rosidl_generator_py[0m
[1.527s] [ 80%] Built target autopatrol_interfaces__rosidl_generator_py
[1.527s] [35m[1mConsolidate compiler generated dependencies of target autopatrol_interfaces__rosidl_typesupport_c__pyext[0m
[1.527s] [35m[1mConsolidate compiler generated dependencies of target autopatrol_interfaces__rosidl_typesupport_introspection_c__pyext[0m
[1.527s] [35m[1mConsolidate compiler generated dependencies of target autopatrol_interfaces__rosidl_typesupport_fastrtps_c__pyext[0m
[1.527s] [ 87%] Built target autopatrol_interfaces__rosidl_typesupport_introspection_c__pyext
[1.527s] [ 93%] Built target autopatrol_interfaces__rosidl_typesupport_c__pyext
[1.527s] [100%] Built target autopatrol_interfaces__rosidl_typesupport_fastrtps_c__pyext
[1.527s] running egg_info
[1.528s] writing autopatrol_interfaces.egg-info/PKG-INFO
[1.528s] writing dependency_links to autopatrol_interfaces.egg-info/dependency_links.txt
[1.528s] writing top-level names to autopatrol_interfaces.egg-info/top_level.txt
[1.528s] reading manifest file 'autopatrol_interfaces.egg-info/SOURCES.txt'
[1.528s] writing manifest file 'autopatrol_interfaces.egg-info/SOURCES.txt'
[1.528s] [100%] Built target ament_cmake_python_build_autopatrol_interfaces_egg
[1.548s] Invoked command in '/home/k664309/chapt7/chapt7_ws/src/build/autopatrol_interfaces' returned '0': CMAKE_PREFIX_PATH=/opt/ros/humble /usr/bin/cmake --build /home/k664309/chapt7/chapt7_ws/src/build/autopatrol_interfaces -- -j6 -l6
[1.586s] Invoking command in '/home/k664309/chapt7/chapt7_ws/src/build/autopatrol_interfaces': CMAKE_PREFIX_PATH=/opt/ros/humble /usr/bin/cmake --install /home/k664309/chapt7/chapt7_ws/src/build/autopatrol_interfaces
[1.613s] -- Install configuration: ""
[1.613s] -- Up-to-date: /home/k664309/chapt7/chapt7_ws/src/install/autopatrol_interfaces/share/ament_index/resource_index/rosidl_interfaces/autopatrol_interfaces
[1.613s] -- Up-to-date: /home/k664309/chapt7/chapt7_ws/src/install/autopatrol_interfaces/include/autopatrol_interfaces/autopatrol_interfaces
[1.613s] -- Up-to-date: /home/k664309/chapt7/chapt7_ws/src/install/autopatrol_interfaces/include/autopatrol_interfaces/autopatrol_interfaces/msg
[1.613s] -- Up-to-date: /home/k664309/chapt7/chapt7_ws/src/install/autopatrol_interfaces/include/autopatrol_interfaces/autopatrol_interfaces/msg/rosidl_generator_c__visibility_control.h
[1.613s] -- Up-to-date: /home/k664309/chapt7/chapt7_ws/src/install/autopatrol_interfaces/include/autopatrol_interfaces/autopatrol_interfaces/srv
[1.614s] -- Up-to-date: /home/k664309/chapt7/chapt7_ws/src/install/autopatrol_interfaces/include/autopatrol_interfaces/autopatrol_interfaces/srv/speach_text.h
[1.614s] -- Up-to-date: /home/k664309/chapt7/chapt7_ws/src/install/autopatrol_interfaces/include/autopatrol_interfaces/autopatrol_interfaces/srv/detail
[1.614s] -- Up-to-date: /home/k664309/chapt7/chapt7_ws/src/install/autopatrol_interfaces/include/autopatrol_interfaces/autopatrol_interfaces/srv/detail/speach_text__type_support.h
[1.614s] -- Up-to-date: /home/k664309/chapt7/chapt7_ws/src/install/autopatrol_interfaces/include/autopatrol_interfaces/autopatrol_interfaces/srv/detail/speach_text__struct.h
[1.614s] -- Up-to-date: /home/k664309/chapt7/chapt7_ws/src/install/autopatrol_interfaces/include/autopatrol_interfaces/autopatrol_interfaces/srv/detail/speach_text__functions.h
[1.615s] -- Up-to-date: /home/k664309/chapt7/chapt7_ws/src/install/autopatrol_interfaces/include/autopatrol_interfaces/autopatrol_interfaces/srv/detail/speach_text__functions.c
[1.615s] -- Up-to-date: /home/k664309/chapt7/chapt7_ws/src/install/autopatrol_interfaces/share/autopatrol_interfaces/environment/library_path.sh
[1.615s] -- Up-to-date: /home/k664309/chapt7/chapt7_ws/src/install/autopatrol_interfaces/share/autopatrol_interfaces/environment/library_path.dsv
[1.618s] -- Up-to-date: /home/k664309/chapt7/chapt7_ws/src/install/autopatrol_interfaces/lib/libautopatrol_interfaces__rosidl_generator_c.so
[1.619s] -- Up-to-date: /home/k664309/chapt7/chapt7_ws/src/install/autopatrol_interfaces/include/autopatrol_interfaces/autopatrol_interfaces
[1.621s] -- Up-to-date: /home/k664309/chapt7/chapt7_ws/src/install/autopatrol_interfaces/include/autopatrol_interfaces/autopatrol_interfaces/msg
[1.622s] -- Up-to-date: /home/k664309/chapt7/chapt7_ws/src/install/autopatrol_interfaces/include/autopatrol_interfaces/autopatrol_interfaces/msg/rosidl_typesupport_fastrtps_c__visibility_control.h
[1.623s] -- Up-to-date: /home/k664309/chapt7/chapt7_ws/src/install/autopatrol_interfaces/include/autopatrol_interfaces/autopatrol_interfaces/srv
[1.623s] -- Up-to-date: /home/k664309/chapt7/chapt7_ws/src/install/autopatrol_interfaces/include/autopatrol_interfaces/autopatrol_interfaces/srv/detail
[1.623s] -- Up-to-date: /home/k664309/chapt7/chapt7_ws/src/install/autopatrol_interfaces/include/autopatrol_interfaces/autopatrol_interfaces/srv/detail/speach_text__rosidl_typesupport_fastrtps_c.h
[1.624s] -- Up-to-date: /home/k664309/chapt7/chapt7_ws/src/install/autopatrol_interfaces/lib/libautopatrol_interfaces__rosidl_typesupport_fastrtps_c.so
[1.624s] -- Up-to-date: /home/k664309/chapt7/chapt7_ws/src/install/autopatrol_interfaces/include/autopatrol_interfaces/autopatrol_interfaces
[1.624s] -- Up-to-date: /home/k664309/chapt7/chapt7_ws/src/install/autopatrol_interfaces/include/autopatrol_interfaces/autopatrol_interfaces/msg
[1.624s] -- Up-to-date: /home/k664309/chapt7/chapt7_ws/src/install/autopatrol_interfaces/include/autopatrol_interfaces/autopatrol_interfaces/msg/rosidl_typesupport_introspection_c__visibility_control.h
[1.624s] -- Up-to-date: /home/k664309/chapt7/chapt7_ws/src/install/autopatrol_interfaces/include/autopatrol_interfaces/autopatrol_interfaces/srv
[1.624s] -- Up-to-date: /home/k664309/chapt7/chapt7_ws/src/install/autopatrol_interfaces/include/autopatrol_interfaces/autopatrol_interfaces/srv/detail
[1.627s] -- Up-to-date: /home/k664309/chapt7/chapt7_ws/src/install/autopatrol_interfaces/include/autopatrol_interfaces/autopatrol_interfaces/srv/detail/speach_text__type_support.c
[1.628s] -- Up-to-date: /home/k664309/chapt7/chapt7_ws/src/install/autopatrol_interfaces/include/autopatrol_interfaces/autopatrol_interfaces/srv/detail/speach_text__rosidl_typesupport_introspection_c.h
[1.628s] -- Up-to-date: /home/k664309/chapt7/chapt7_ws/src/install/autopatrol_interfaces/lib/libautopatrol_interfaces__rosidl_typesupport_introspection_c.so
[1.630s] -- Up-to-date: /home/k664309/chapt7/chapt7_ws/src/install/autopatrol_interfaces/lib/libautopatrol_interfaces__rosidl_typesupport_c.so
[1.630s] -- Up-to-date: /home/k664309/chapt7/chapt7_ws/src/install/autopatrol_interfaces/include/autopatrol_interfaces/autopatrol_interfaces
[1.631s] -- Up-to-date: /home/k664309/chapt7/chapt7_ws/src/install/autopatrol_interfaces/include/autopatrol_interfaces/autopatrol_interfaces/msg
[1.632s] -- Up-to-date: /home/k664309/chapt7/chapt7_ws/src/install/autopatrol_interfaces/include/autopatrol_interfaces/autopatrol_interfaces/msg/rosidl_generator_cpp__visibility_control.hpp
[1.632s] -- Up-to-date: /home/k664309/chapt7/chapt7_ws/src/install/autopatrol_interfaces/include/autopatrol_interfaces/autopatrol_interfaces/srv
[1.632s] -- Up-to-date: /home/k664309/chapt7/chapt7_ws/src/install/autopatrol_interfaces/include/autopatrol_interfaces/autopatrol_interfaces/srv/speach_text.hpp
[1.632s] -- Up-to-date: /home/k664309/chapt7/chapt7_ws/src/install/autopatrol_interfaces/include/autopatrol_interfaces/autopatrol_interfaces/srv/detail
[1.633s] -- Up-to-date: /home/k664309/chapt7/chapt7_ws/src/install/autopatrol_interfaces/include/autopatrol_interfaces/autopatrol_interfaces/srv/detail/speach_text__type_support.hpp
[1.633s] -- Up-to-date: /home/k664309/chapt7/chapt7_ws/src/install/autopatrol_interfaces/include/autopatrol_interfaces/autopatrol_interfaces/srv/detail/speach_text__struct.hpp
[1.633s] -- Up-to-date: /home/k664309/chapt7/chapt7_ws/src/install/autopatrol_interfaces/include/autopatrol_interfaces/autopatrol_interfaces/srv/detail/speach_text__builder.hpp
[1.633s] -- Up-to-date: /home/k664309/chapt7/chapt7_ws/src/install/autopatrol_interfaces/include/autopatrol_interfaces/autopatrol_interfaces/srv/detail/speach_text__traits.hpp
[1.633s] -- Up-to-date: /home/k664309/chapt7/chapt7_ws/src/install/autopatrol_interfaces/include/autopatrol_interfaces/autopatrol_interfaces
[1.633s] -- Up-to-date: /home/k664309/chapt7/chapt7_ws/src/install/autopatrol_interfaces/include/autopatrol_interfaces/autopatrol_interfaces/msg
[1.633s] -- Up-to-date: /home/k664309/chapt7/chapt7_ws/src/install/autopatrol_interfaces/include/autopatrol_interfaces/autopatrol_interfaces/msg/rosidl_typesupport_fastrtps_cpp__visibility_control.h
[1.633s] -- Up-to-date: /home/k664309/chapt7/chapt7_ws/src/install/autopatrol_interfaces/include/autopatrol_interfaces/autopatrol_interfaces/srv
[1.633s] -- Up-to-date: /home/k664309/chapt7/chapt7_ws/src/install/autopatrol_interfaces/include/autopatrol_interfaces/autopatrol_interfaces/srv/detail
[1.636s] -- Up-to-date: /home/k664309/chapt7/chapt7_ws/src/install/autopatrol_interfaces/include/autopatrol_interfaces/autopatrol_interfaces/srv/detail/dds_fastrtps
[1.637s] -- Up-to-date: /home/k664309/chapt7/chapt7_ws/src/install/autopatrol_interfaces/include/autopatrol_interfaces/autopatrol_interfaces/srv/detail/speach_text__rosidl_typesupport_fastrtps_cpp.hpp
[1.637s] -- Up-to-date: /home/k664309/chapt7/chapt7_ws/src/install/autopatrol_interfaces/lib/libautopatrol_interfaces__rosidl_typesupport_fastrtps_cpp.so
[1.637s] -- Up-to-date: /home/k664309/chapt7/chapt7_ws/src/install/autopatrol_interfaces/include/autopatrol_interfaces/autopatrol_interfaces
[1.638s] -- Up-to-date: /home/k664309/chapt7/chapt7_ws/src/install/autopatrol_interfaces/include/autopatrol_interfaces/autopatrol_interfaces/srv
[1.638s] -- Up-to-date: /home/k664309/chapt7/chapt7_ws/src/install/autopatrol_interfaces/include/autopatrol_interfaces/autopatrol_interfaces/srv/detail
[1.639s] -- Up-to-date: /home/k664309/chapt7/chapt7_ws/src/install/autopatrol_interfaces/include/autopatrol_interfaces/autopatrol_interfaces/srv/detail/speach_text__type_support.cpp
[1.639s] -- Up-to-date: /home/k664309/chapt7/chapt7_ws/src/install/autopatrol_interfaces/include/autopatrol_interfaces/autopatrol_interfaces/srv/detail/speach_text__rosidl_typesupport_introspection_cpp.hpp
[1.639s] -- Up-to-date: /home/k664309/chapt7/chapt7_ws/src/install/autopatrol_interfaces/lib/libautopatrol_interfaces__rosidl_typesupport_introspection_cpp.so
[1.639s] -- Up-to-date: /home/k664309/chapt7/chapt7_ws/src/install/autopatrol_interfaces/lib/libautopatrol_interfaces__rosidl_typesupport_cpp.so
[1.642s] -- Up-to-date: /home/k664309/chapt7/chapt7_ws/src/install/autopatrol_interfaces/share/autopatrol_interfaces/environment/pythonpath.sh
[1.642s] -- Up-to-date: /home/k664309/chapt7/chapt7_ws/src/install/autopatrol_interfaces/share/autopatrol_interfaces/environment/pythonpath.dsv
[1.642s] -- Up-to-date: /home/k664309/chapt7/chapt7_ws/src/install/autopatrol_interfaces/local/lib/python3.10/dist-packages/autopatrol_interfaces-0.0.0-py3.10.egg-info
[1.642s] -- Installing: /home/k664309/chapt7/chapt7_ws/src/install/autopatrol_interfaces/local/lib/python3.10/dist-packages/autopatrol_interfaces-0.0.0-py3.10.egg-info/top_level.txt
[1.642s] -- Installing: /home/k664309/chapt7/chapt7_ws/src/install/autopatrol_interfaces/local/lib/python3.10/dist-packages/autopatrol_interfaces-0.0.0-py3.10.egg-info/PKG-INFO
[1.642s] -- Installing: /home/k664309/chapt7/chapt7_ws/src/install/autopatrol_interfaces/local/lib/python3.10/dist-packages/autopatrol_interfaces-0.0.0-py3.10.egg-info/dependency_links.txt
[1.645s] -- Installing: /home/k664309/chapt7/chapt7_ws/src/install/autopatrol_interfaces/local/lib/python3.10/dist-packages/autopatrol_interfaces-0.0.0-py3.10.egg-info/SOURCES.txt
[1.649s] -- Up-to-date: /home/k664309/chapt7/chapt7_ws/src/install/autopatrol_interfaces/local/lib/python3.10/dist-packages/autopatrol_interfaces
[1.649s] -- Up-to-date: /home/k664309/chapt7/chapt7_ws/src/install/autopatrol_interfaces/local/lib/python3.10/dist-packages/autopatrol_interfaces/__init__.py
[1.649s] -- Up-to-date: /home/k664309/chapt7/chapt7_ws/src/install/autopatrol_interfaces/local/lib/python3.10/dist-packages/autopatrol_interfaces/autopatrol_interfaces_s__rosidl_typesupport_introspection_c.cpython-310-x86_64-linux-gnu.so
[1.649s] -- Up-to-date: /home/k664309/chapt7/chapt7_ws/src/install/autopatrol_interfaces/local/lib/python3.10/dist-packages/autopatrol_interfaces/autopatrol_interfaces_s__rosidl_typesupport_fastrtps_c.cpython-310-x86_64-linux-gnu.so
[1.650s] -- Up-to-date: /home/k664309/chapt7/chapt7_ws/src/install/autopatrol_interfaces/local/lib/python3.10/dist-packages/autopatrol_interfaces/_autopatrol_interfaces_s.ep.rosidl_typesupport_introspection_c.c
[1.650s] -- Up-to-date: /home/k664309/chapt7/chapt7_ws/src/install/autopatrol_interfaces/local/lib/python3.10/dist-packages/autopatrol_interfaces/autopatrol_interfaces_s__rosidl_typesupport_c.cpython-310-x86_64-linux-gnu.so
[1.650s] -- Up-to-date: /home/k664309/chapt7/chapt7_ws/src/install/autopatrol_interfaces/local/lib/python3.10/dist-packages/autopatrol_interfaces/libautopatrol_interfaces__rosidl_generator_py.so
[1.650s] -- Up-to-date: /home/k664309/chapt7/chapt7_ws/src/install/autopatrol_interfaces/local/lib/python3.10/dist-packages/autopatrol_interfaces/srv
[1.650s] -- Up-to-date: /home/k664309/chapt7/chapt7_ws/src/install/autopatrol_interfaces/local/lib/python3.10/dist-packages/autopatrol_interfaces/srv/__init__.py
[1.650s] -- Up-to-date: /home/k664309/chapt7/chapt7_ws/src/install/autopatrol_interfaces/local/lib/python3.10/dist-packages/autopatrol_interfaces/srv/_speach_text.py
[1.651s] -- Up-to-date: /home/k664309/chapt7/chapt7_ws/src/install/autopatrol_interfaces/local/lib/python3.10/dist-packages/autopatrol_interfaces/srv/_speach_text_s.c
[1.654s] -- Up-to-date: /home/k664309/chapt7/chapt7_ws/src/install/autopatrol_interfaces/local/lib/python3.10/dist-packages/autopatrol_interfaces/_autopatrol_interfaces_s.ep.rosidl_typesupport_fastrtps_c.c
[1.654s] -- Up-to-date: /home/k664309/chapt7/chapt7_ws/src/install/autopatrol_interfaces/local/lib/python3.10/dist-packages/autopatrol_interfaces/_autopatrol_interfaces_s.ep.rosidl_typesupport_c.c
[1.759s] Listing '/home/k664309/chapt7/chapt7_ws/src/install/autopatrol_interfaces/local/lib/python3.10/dist-packages/autopatrol_interfaces'...
[1.759s] Listing '/home/k664309/chapt7/chapt7_ws/src/install/autopatrol_interfaces/local/lib/python3.10/dist-packages/autopatrol_interfaces/srv'...
[1.770s] -- Up-to-date: /home/k664309/chapt7/chapt7_ws/src/install/autopatrol_interfaces/local/lib/python3.10/dist-packages/autopatrol_interfaces/autopatrol_interfaces_s__rosidl_typesupport_fastrtps_c.cpython-310-x86_64-linux-gnu.so
[1.771s] -- Up-to-date: /home/k664309/chapt7/chapt7_ws/src/install/autopatrol_interfaces/local/lib/python3.10/dist-packages/autopatrol_interfaces/autopatrol_interfaces_s__rosidl_typesupport_introspection_c.cpython-310-x86_64-linux-gnu.so
[1.772s] -- Up-to-date: /home/k664309/chapt7/chapt7_ws/src/install/autopatrol_interfaces/local/lib/python3.10/dist-packages/autopatrol_interfaces/autopatrol_interfaces_s__rosidl_typesupport_c.cpython-310-x86_64-linux-gnu.so
[1.773s] -- Up-to-date: /home/k664309/chapt7/chapt7_ws/src/install/autopatrol_interfaces/lib/libautopatrol_interfaces__rosidl_generator_py.so
[1.776s] -- Up-to-date: /home/k664309/chapt7/chapt7_ws/src/install/autopatrol_interfaces/share/autopatrol_interfaces/srv/SpeachText.idl
[1.776s] -- Up-to-date: /home/k664309/chapt7/chapt7_ws/src/install/autopatrol_interfaces/share/autopatrol_interfaces/srv/SpeachText.srv
[1.776s] -- Up-to-date: /home/k664309/chapt7/chapt7_ws/src/install/autopatrol_interfaces/share/autopatrol_interfaces/srv/SpeachText_Request.msg
[1.777s] -- Up-to-date: /home/k664309/chapt7/chapt7_ws/src/install/autopatrol_interfaces/share/autopatrol_interfaces/srv/SpeachText_Response.msg
[1.777s] -- Up-to-date: /home/k664309/chapt7/chapt7_ws/src/install/autopatrol_interfaces/share/ament_index/resource_index/package_run_dependencies/autopatrol_interfaces
[1.777s] -- Up-to-date: /home/k664309/chapt7/chapt7_ws/src/install/autopatrol_interfaces/share/ament_index/resource_index/parent_prefix_path/autopatrol_interfaces
[1.777s] -- Up-to-date: /home/k664309/chapt7/chapt7_ws/src/install/autopatrol_interfaces/share/autopatrol_interfaces/environment/ament_prefix_path.sh
[1.777s] -- Up-to-date: /home/k664309/chapt7/chapt7_ws/src/install/autopatrol_interfaces/share/autopatrol_interfaces/environment/ament_prefix_path.dsv
[1.779s] -- Up-to-date: /home/k664309/chapt7/chapt7_ws/src/install/autopatrol_interfaces/share/autopatrol_interfaces/environment/path.sh
[1.779s] -- Up-to-date: /home/k664309/chapt7/chapt7_ws/src/install/autopatrol_interfaces/share/autopatrol_interfaces/environment/path.dsv
[1.779s] -- Up-to-date: /home/k664309/chapt7/chapt7_ws/src/install/autopatrol_interfaces/share/autopatrol_interfaces/local_setup.bash
[1.779s] -- Up-to-date: /home/k664309/chapt7/chapt7_ws/src/install/autopatrol_interfaces/share/autopatrol_interfaces/local_setup.sh
[1.779s] -- Up-to-date: /home/k664309/chapt7/chapt7_ws/src/install/autopatrol_interfaces/share/autopatrol_interfaces/local_setup.zsh
[1.779s] -- Up-to-date: /home/k664309/chapt7/chapt7_ws/src/install/autopatrol_interfaces/share/autopatrol_interfaces/local_setup.dsv
[1.779s] -- Installing: /home/k664309/chapt7/chapt7_ws/src/install/autopatrol_interfaces/share/autopatrol_interfaces/package.dsv
[1.779s] -- Up-to-date: /home/k664309/chapt7/chapt7_ws/src/install/autopatrol_interfaces/share/ament_index/resource_index/packages/autopatrol_interfaces
[1.781s] -- Up-to-date: /home/k664309/chapt7/chapt7_ws/src/install/autopatrol_interfaces/share/autopatrol_interfaces/cmake/export_autopatrol_interfaces__rosidl_generator_cExport.cmake
[1.784s] -- Up-to-date: /home/k664309/chapt7/chapt7_ws/src/install/autopatrol_interfaces/share/autopatrol_interfaces/cmake/export_autopatrol_interfaces__rosidl_generator_cExport-noconfig.cmake
[1.788s] -- Up-to-date: /home/k664309/chapt7/chapt7_ws/src/install/autopatrol_interfaces/share/autopatrol_interfaces/cmake/export_autopatrol_interfaces__rosidl_typesupport_fastrtps_cExport.cmake
[1.788s] -- Up-to-date: /home/k664309/chapt7/chapt7_ws/src/install/autopatrol_interfaces/share/autopatrol_interfaces/cmake/export_autopatrol_interfaces__rosidl_typesupport_fastrtps_cExport-noconfig.cmake
[1.788s] -- Up-to-date: /home/k664309/chapt7/chapt7_ws/src/install/autopatrol_interfaces/share/autopatrol_interfaces/cmake/autopatrol_interfaces__rosidl_typesupport_introspection_cExport.cmake
[1.788s] -- Up-to-date: /home/k664309/chapt7/chapt7_ws/src/install/autopatrol_interfaces/share/autopatrol_interfaces/cmake/autopatrol_interfaces__rosidl_typesupport_introspection_cExport-noconfig.cmake
[1.788s] -- Up-to-date: /home/k664309/chapt7/chapt7_ws/src/install/autopatrol_interfaces/share/autopatrol_interfaces/cmake/autopatrol_interfaces__rosidl_typesupport_cExport.cmake
[1.788s] -- Up-to-date: /home/k664309/chapt7/chapt7_ws/src/install/autopatrol_interfaces/share/autopatrol_interfaces/cmake/autopatrol_interfaces__rosidl_typesupport_cExport-noconfig.cmake
[1.788s] -- Up-to-date: /home/k664309/chapt7/chapt7_ws/src/install/autopatrol_interfaces/share/autopatrol_interfaces/cmake/export_autopatrol_interfaces__rosidl_generator_cppExport.cmake
[1.789s] -- Up-to-date: /home/k664309/chapt7/chapt7_ws/src/install/autopatrol_interfaces/share/autopatrol_interfaces/cmake/export_autopatrol_interfaces__rosidl_typesupport_fastrtps_cppExport.cmake
[1.789s] -- Up-to-date: /home/k664309/chapt7/chapt7_ws/src/install/autopatrol_interfaces/share/autopatrol_interfaces/cmake/export_autopatrol_interfaces__rosidl_typesupport_fastrtps_cppExport-noconfig.cmake
[1.789s] -- Up-to-date: /home/k664309/chapt7/chapt7_ws/src/install/autopatrol_interfaces/share/autopatrol_interfaces/cmake/autopatrol_interfaces__rosidl_typesupport_introspection_cppExport.cmake
[1.789s] -- Up-to-date: /home/k664309/chapt7/chapt7_ws/src/install/autopatrol_interfaces/share/autopatrol_interfaces/cmake/autopatrol_interfaces__rosidl_typesupport_introspection_cppExport-noconfig.cmake
[1.789s] -- Up-to-date: /home/k664309/chapt7/chapt7_ws/src/install/autopatrol_interfaces/share/autopatrol_interfaces/cmake/autopatrol_interfaces__rosidl_typesupport_cppExport.cmake
[1.789s] -- Up-to-date: /home/k664309/chapt7/chapt7_ws/src/install/autopatrol_interfaces/share/autopatrol_interfaces/cmake/autopatrol_interfaces__rosidl_typesupport_cppExport-noconfig.cmake
[1.789s] -- Up-to-date: /home/k664309/chapt7/chapt7_ws/src/install/autopatrol_interfaces/share/autopatrol_interfaces/cmake/export_autopatrol_interfaces__rosidl_generator_pyExport.cmake
[1.789s] -- Up-to-date: /home/k664309/chapt7/chapt7_ws/src/install/autopatrol_interfaces/share/autopatrol_interfaces/cmake/export_autopatrol_interfaces__rosidl_generator_pyExport-noconfig.cmake
[1.789s] -- Up-to-date: /home/k664309/chapt7/chapt7_ws/src/install/autopatrol_interfaces/share/autopatrol_interfaces/cmake/rosidl_cmake-extras.cmake
[1.790s] -- Up-to-date: /home/k664309/chapt7/chapt7_ws/src/install/autopatrol_interfaces/share/autopatrol_interfaces/cmake/ament_cmake_export_include_directories-extras.cmake
[1.790s] -- Up-to-date: /home/k664309/chapt7/chapt7_ws/src/install/autopatrol_interfaces/share/autopatrol_interfaces/cmake/ament_cmake_export_libraries-extras.cmake
[1.790s] -- Up-to-date: /home/k664309/chapt7/chapt7_ws/src/install/autopatrol_interfaces/share/autopatrol_interfaces/cmake/ament_cmake_export_targets-extras.cmake
[1.790s] -- Up-to-date: /home/k664309/chapt7/chapt7_ws/src/install/autopatrol_interfaces/share/autopatrol_interfaces/cmake/rosidl_cmake_export_typesupport_targets-extras.cmake
[1.790s] -- Up-to-date: /home/k664309/chapt7/chapt7_ws/src/install/autopatrol_interfaces/share/autopatrol_interfaces/cmake/ament_cmake_export_dependencies-extras.cmake
[1.790s] -- Up-to-date: /home/k664309/chapt7/chapt7_ws/src/install/autopatrol_interfaces/share/autopatrol_interfaces/cmake/rosidl_cmake_export_typesupport_libraries-extras.cmake
[1.790s] -- Up-to-date: /home/k664309/chapt7/chapt7_ws/src/install/autopatrol_interfaces/share/autopatrol_interfaces/cmake/autopatrol_interfacesConfig.cmake
[1.790s] -- Up-to-date: /home/k664309/chapt7/chapt7_ws/src/install/autopatrol_interfaces/share/autopatrol_interfaces/cmake/autopatrol_interfacesConfig-version.cmake
[1.790s] -- Up-to-date: /home/k664309/chapt7/chapt7_ws/src/install/autopatrol_interfaces/share/autopatrol_interfaces/package.xml
[1.853s] Invoked command in '/home/k664309/chapt7/chapt7_ws/src/build/autopatrol_interfaces' returned '0': CMAKE_PREFIX_PATH=/opt/ros/humble /usr/bin/cmake --install /home/k664309/chapt7/chapt7_ws/src/build/autopatrol_interfaces
