[0.245s] DEBUG:colcon:Command line arguments: ['/usr/bin/colcon', 'build']
[0.245s] DEBUG:colcon:Parsed command line arguments: Namespace(log_base=None, log_level=None, verb_name='build', build_base='build', install_base='install', merge_install=False, symlink_install=False, test_result_base=None, continue_on_error=False, executor='parallel', parallel_workers=6, event_handlers=None, ignore_user_meta=False, metas=['./colcon.meta'], base_paths=['.'], packages_ignore=None, packages_ignore_regex=None, paths=None, packages_up_to=None, packages_up_to_regex=None, packages_above=None, packages_above_and_dependencies=None, packages_above_depth=None, packages_select_by_dep=None, packages_skip_by_dep=None, packages_skip_up_to=None, packages_select_build_failed=False, packages_skip_build_finished=False, packages_select_test_failures=False, packages_skip_test_passed=False, packages_select=None, packages_skip=None, packages_select_regex=None, packages_skip_regex=None, packages_start=None, packages_end=None, allow_overriding=[], cmake_args=None, cmake_target=None, cmake_target_skip_unavailable=False, cmake_clean_cache=False, cmake_clean_first=False, cmake_force_configure=False, ament_cmake_args=None, catkin_cmake_args=None, catkin_skip_building_tests=False, mixin_files=None, mixin=None, verb_parser=<colcon_mixin.mixin.mixin_argument.MixinArgumentDecorator object at 0x78c182157520>, verb_extension=<colcon_core.verb.build.BuildVerb object at 0x78c18229c4c0>, main=<bound method BuildVerb.main of <colcon_core.verb.build.BuildVerb object at 0x78c18229c4c0>>, mixin_verb=('build',))
[0.650s] Level 1:colcon.colcon_core.package_discovery:discover_packages(colcon_meta) check parameters
[0.650s] Level 1:colcon.colcon_core.package_discovery:discover_packages(recursive) check parameters
[0.650s] Level 1:colcon.colcon_core.package_discovery:discover_packages(ignore) check parameters
[0.650s] Level 1:colcon.colcon_core.package_discovery:discover_packages(path) check parameters
[0.651s] Level 1:colcon.colcon_core.package_discovery:discover_packages(colcon_meta) discover
[0.651s] Level 1:colcon.colcon_core.package_discovery:discover_packages(recursive) discover
[0.651s] INFO:colcon.colcon_core.package_discovery:Crawling recursively for packages in '/home/k664309/chapt7/chapt7_ws/src'
[0.651s] Level 1:colcon.colcon_core.package_identification:_identify(.) by extensions ['ignore', 'ignore_ament_install']
[0.651s] Level 1:colcon.colcon_core.package_identification:_identify(.) by extension 'ignore'
[0.651s] Level 1:colcon.colcon_core.package_identification:_identify(.) by extension 'ignore_ament_install'
[0.651s] Level 1:colcon.colcon_core.package_identification:_identify(.) by extensions ['colcon_pkg']
[0.652s] Level 1:colcon.colcon_core.package_identification:_identify(.) by extension 'colcon_pkg'
[0.652s] Level 1:colcon.colcon_core.package_identification:_identify(.) by extensions ['colcon_meta']
[0.652s] Level 1:colcon.colcon_core.package_identification:_identify(.) by extension 'colcon_meta'
[0.652s] Level 1:colcon.colcon_core.package_identification:_identify(.) by extensions ['ros']
[0.652s] Level 1:colcon.colcon_core.package_identification:_identify(.) by extension 'ros'
[0.678s] Level 1:colcon.colcon_core.package_identification:_identify(.) by extensions ['cmake', 'python']
[0.678s] Level 1:colcon.colcon_core.package_identification:_identify(.) by extension 'cmake'
[0.678s] Level 1:colcon.colcon_core.package_identification:_identify(.) by extension 'python'
[0.678s] Level 1:colcon.colcon_core.package_identification:_identify(.) by extensions ['python_setup_py']
[0.678s] Level 1:colcon.colcon_core.package_identification:_identify(.) by extension 'python_setup_py'
[0.678s] Level 1:colcon.colcon_core.package_identification:_identify(autopatrol_interfaces) by extensions ['ignore', 'ignore_ament_install']
[0.679s] Level 1:colcon.colcon_core.package_identification:_identify(autopatrol_interfaces) by extension 'ignore'
[0.679s] Level 1:colcon.colcon_core.package_identification:_identify(autopatrol_interfaces) by extension 'ignore_ament_install'
[0.679s] Level 1:colcon.colcon_core.package_identification:_identify(autopatrol_interfaces) by extensions ['colcon_pkg']
[0.680s] Level 1:colcon.colcon_core.package_identification:_identify(autopatrol_interfaces) by extension 'colcon_pkg'
[0.680s] Level 1:colcon.colcon_core.package_identification:_identify(autopatrol_interfaces) by extensions ['colcon_meta']
[0.680s] Level 1:colcon.colcon_core.package_identification:_identify(autopatrol_interfaces) by extension 'colcon_meta'
[0.680s] Level 1:colcon.colcon_core.package_identification:_identify(autopatrol_interfaces) by extensions ['ros']
[0.680s] Level 1:colcon.colcon_core.package_identification:_identify(autopatrol_interfaces) by extension 'ros'
[0.684s] DEBUG:colcon.colcon_core.package_identification:Package 'autopatrol_interfaces' with type 'ros.ament_cmake' and name 'autopatrol_interfaces'
[0.685s] Level 1:colcon.colcon_core.package_identification:_identify(autopatrol_robot) by extensions ['ignore', 'ignore_ament_install']
[0.685s] Level 1:colcon.colcon_core.package_identification:_identify(autopatrol_robot) by extension 'ignore'
[0.685s] Level 1:colcon.colcon_core.package_identification:_identify(autopatrol_robot) by extension 'ignore_ament_install'
[0.685s] Level 1:colcon.colcon_core.package_identification:_identify(autopatrol_robot) by extensions ['colcon_pkg']
[0.685s] Level 1:colcon.colcon_core.package_identification:_identify(autopatrol_robot) by extension 'colcon_pkg'
[0.686s] Level 1:colcon.colcon_core.package_identification:_identify(autopatrol_robot) by extensions ['colcon_meta']
[0.686s] Level 1:colcon.colcon_core.package_identification:_identify(autopatrol_robot) by extension 'colcon_meta'
[0.686s] Level 1:colcon.colcon_core.package_identification:_identify(autopatrol_robot) by extensions ['ros']
[0.686s] Level 1:colcon.colcon_core.package_identification:_identify(autopatrol_robot) by extension 'ros'
[0.687s] DEBUG:colcon.colcon_core.package_identification:Package 'autopatrol_robot' with type 'ros.ament_python' and name 'autopatrol_robot'
[0.688s] Level 1:colcon.colcon_core.package_identification:_identify(build) by extensions ['ignore', 'ignore_ament_install']
[0.688s] Level 1:colcon.colcon_core.package_identification:_identify(build) by extension 'ignore'
[0.688s] Level 1:colcon.colcon_core.package_identification:_identify(build) ignored
[0.688s] Level 1:colcon.colcon_core.package_identification:_identify(fishbot_application) by extensions ['ignore', 'ignore_ament_install']
[0.688s] Level 1:colcon.colcon_core.package_identification:_identify(fishbot_application) by extension 'ignore'
[0.688s] Level 1:colcon.colcon_core.package_identification:_identify(fishbot_application) by extension 'ignore_ament_install'
[0.688s] Level 1:colcon.colcon_core.package_identification:_identify(fishbot_application) by extensions ['colcon_pkg']
[0.689s] Level 1:colcon.colcon_core.package_identification:_identify(fishbot_application) by extension 'colcon_pkg'
[0.689s] Level 1:colcon.colcon_core.package_identification:_identify(fishbot_application) by extensions ['colcon_meta']
[0.689s] Level 1:colcon.colcon_core.package_identification:_identify(fishbot_application) by extension 'colcon_meta'
[0.689s] Level 1:colcon.colcon_core.package_identification:_identify(fishbot_application) by extensions ['ros']
[0.689s] Level 1:colcon.colcon_core.package_identification:_identify(fishbot_application) by extension 'ros'
[0.690s] DEBUG:colcon.colcon_core.package_identification:Package 'fishbot_application' with type 'ros.ament_python' and name 'fishbot_application'
[0.691s] Level 1:colcon.colcon_core.package_identification:_identify(fishbot_description) by extensions ['ignore', 'ignore_ament_install']
[0.691s] Level 1:colcon.colcon_core.package_identification:_identify(fishbot_description) by extension 'ignore'
[0.691s] Level 1:colcon.colcon_core.package_identification:_identify(fishbot_description) by extension 'ignore_ament_install'
[0.691s] Level 1:colcon.colcon_core.package_identification:_identify(fishbot_description) by extensions ['colcon_pkg']
[0.691s] Level 1:colcon.colcon_core.package_identification:_identify(fishbot_description) by extension 'colcon_pkg'
[0.691s] Level 1:colcon.colcon_core.package_identification:_identify(fishbot_description) by extensions ['colcon_meta']
[0.691s] Level 1:colcon.colcon_core.package_identification:_identify(fishbot_description) by extension 'colcon_meta'
[0.691s] Level 1:colcon.colcon_core.package_identification:_identify(fishbot_description) by extensions ['ros']
[0.691s] Level 1:colcon.colcon_core.package_identification:_identify(fishbot_description) by extension 'ros'
[0.693s] DEBUG:colcon.colcon_core.package_identification:Package 'fishbot_description' with type 'ros.ament_cmake' and name 'fishbot_description'
[0.693s] Level 1:colcon.colcon_core.package_identification:_identify(fishbot_navigation2) by extensions ['ignore', 'ignore_ament_install']
[0.693s] Level 1:colcon.colcon_core.package_identification:_identify(fishbot_navigation2) by extension 'ignore'
[0.693s] Level 1:colcon.colcon_core.package_identification:_identify(fishbot_navigation2) by extension 'ignore_ament_install'
[0.693s] Level 1:colcon.colcon_core.package_identification:_identify(fishbot_navigation2) by extensions ['colcon_pkg']
[0.693s] Level 1:colcon.colcon_core.package_identification:_identify(fishbot_navigation2) by extension 'colcon_pkg'
[0.694s] Level 1:colcon.colcon_core.package_identification:_identify(fishbot_navigation2) by extensions ['colcon_meta']
[0.694s] Level 1:colcon.colcon_core.package_identification:_identify(fishbot_navigation2) by extension 'colcon_meta'
[0.694s] Level 1:colcon.colcon_core.package_identification:_identify(fishbot_navigation2) by extensions ['ros']
[0.694s] Level 1:colcon.colcon_core.package_identification:_identify(fishbot_navigation2) by extension 'ros'
[0.695s] DEBUG:colcon.colcon_core.package_identification:Package 'fishbot_navigation2' with type 'ros.ament_cmake' and name 'fishbot_navigation2'
[0.695s] Level 1:colcon.colcon_core.package_identification:_identify(install) by extensions ['ignore', 'ignore_ament_install']
[0.695s] Level 1:colcon.colcon_core.package_identification:_identify(install) by extension 'ignore'
[0.696s] Level 1:colcon.colcon_core.package_identification:_identify(install) ignored
[0.696s] Level 1:colcon.colcon_core.package_identification:_identify(log) by extensions ['ignore', 'ignore_ament_install']
[0.696s] Level 1:colcon.colcon_core.package_identification:_identify(log) by extension 'ignore'
[0.696s] Level 1:colcon.colcon_core.package_identification:_identify(log) ignored
[0.696s] Level 1:colcon.colcon_core.package_discovery:discover_packages(recursive) using defaults
[0.696s] Level 1:colcon.colcon_core.package_discovery:discover_packages(ignore) discover
[0.696s] Level 1:colcon.colcon_core.package_discovery:discover_packages(ignore) using defaults
[0.697s] Level 1:colcon.colcon_core.package_discovery:discover_packages(path) discover
[0.697s] Level 1:colcon.colcon_core.package_discovery:discover_packages(path) using defaults
[0.757s] Level 1:colcon.colcon_core.package_discovery:discover_packages(prefix_path) check parameters
[0.758s] Level 1:colcon.colcon_core.package_discovery:discover_packages(prefix_path) discover
[0.762s] DEBUG:colcon.colcon_installed_package_information.package_discovery:Found 5 installed packages in /home/k664309/chapt7/chapt7_ws/src/install
[0.767s] DEBUG:colcon.colcon_installed_package_information.package_discovery:Found 374 installed packages in /opt/ros/humble
[0.771s] Level 1:colcon.colcon_core.package_discovery:discover_packages(prefix_path) using defaults
[0.871s] Level 5:colcon.colcon_core.verb:set package 'autopatrol_interfaces' build argument 'cmake_args' from command line to 'None'
[0.872s] Level 5:colcon.colcon_core.verb:set package 'autopatrol_interfaces' build argument 'cmake_target' from command line to 'None'
[0.872s] Level 5:colcon.colcon_core.verb:set package 'autopatrol_interfaces' build argument 'cmake_target_skip_unavailable' from command line to 'False'
[0.872s] Level 5:colcon.colcon_core.verb:set package 'autopatrol_interfaces' build argument 'cmake_clean_cache' from command line to 'False'
[0.872s] Level 5:colcon.colcon_core.verb:set package 'autopatrol_interfaces' build argument 'cmake_clean_first' from command line to 'False'
[0.872s] Level 5:colcon.colcon_core.verb:set package 'autopatrol_interfaces' build argument 'cmake_force_configure' from command line to 'False'
[0.872s] Level 5:colcon.colcon_core.verb:set package 'autopatrol_interfaces' build argument 'ament_cmake_args' from command line to 'None'
[0.872s] Level 5:colcon.colcon_core.verb:set package 'autopatrol_interfaces' build argument 'catkin_cmake_args' from command line to 'None'
[0.872s] Level 5:colcon.colcon_core.verb:set package 'autopatrol_interfaces' build argument 'catkin_skip_building_tests' from command line to 'False'
[0.872s] DEBUG:colcon.colcon_core.verb:Building package 'autopatrol_interfaces' with the following arguments: {'ament_cmake_args': None, 'build_base': '/home/k664309/chapt7/chapt7_ws/src/build/autopatrol_interfaces', 'catkin_cmake_args': None, 'catkin_skip_building_tests': False, 'cmake_args': None, 'cmake_clean_cache': False, 'cmake_clean_first': False, 'cmake_force_configure': False, 'cmake_target': None, 'cmake_target_skip_unavailable': False, 'install_base': '/home/k664309/chapt7/chapt7_ws/src/install/autopatrol_interfaces', 'merge_install': False, 'path': '/home/k664309/chapt7/chapt7_ws/src/autopatrol_interfaces', 'symlink_install': False, 'test_result_base': None}
[0.873s] Level 5:colcon.colcon_core.verb:set package 'autopatrol_robot' build argument 'cmake_args' from command line to 'None'
[0.873s] Level 5:colcon.colcon_core.verb:set package 'autopatrol_robot' build argument 'cmake_target' from command line to 'None'
[0.873s] Level 5:colcon.colcon_core.verb:set package 'autopatrol_robot' build argument 'cmake_target_skip_unavailable' from command line to 'False'
[0.874s] Level 5:colcon.colcon_core.verb:set package 'autopatrol_robot' build argument 'cmake_clean_cache' from command line to 'False'
[0.874s] Level 5:colcon.colcon_core.verb:set package 'autopatrol_robot' build argument 'cmake_clean_first' from command line to 'False'
[0.874s] Level 5:colcon.colcon_core.verb:set package 'autopatrol_robot' build argument 'cmake_force_configure' from command line to 'False'
[0.874s] Level 5:colcon.colcon_core.verb:set package 'autopatrol_robot' build argument 'ament_cmake_args' from command line to 'None'
[0.874s] Level 5:colcon.colcon_core.verb:set package 'autopatrol_robot' build argument 'catkin_cmake_args' from command line to 'None'
[0.874s] Level 5:colcon.colcon_core.verb:set package 'autopatrol_robot' build argument 'catkin_skip_building_tests' from command line to 'False'
[0.874s] DEBUG:colcon.colcon_core.verb:Building package 'autopatrol_robot' with the following arguments: {'ament_cmake_args': None, 'build_base': '/home/k664309/chapt7/chapt7_ws/src/build/autopatrol_robot', 'catkin_cmake_args': None, 'catkin_skip_building_tests': False, 'cmake_args': None, 'cmake_clean_cache': False, 'cmake_clean_first': False, 'cmake_force_configure': False, 'cmake_target': None, 'cmake_target_skip_unavailable': False, 'install_base': '/home/k664309/chapt7/chapt7_ws/src/install/autopatrol_robot', 'merge_install': False, 'path': '/home/k664309/chapt7/chapt7_ws/src/autopatrol_robot', 'symlink_install': False, 'test_result_base': None}
[0.874s] Level 5:colcon.colcon_core.verb:set package 'fishbot_application' build argument 'cmake_args' from command line to 'None'
[0.875s] Level 5:colcon.colcon_core.verb:set package 'fishbot_application' build argument 'cmake_target' from command line to 'None'
[0.875s] Level 5:colcon.colcon_core.verb:set package 'fishbot_application' build argument 'cmake_target_skip_unavailable' from command line to 'False'
[0.875s] Level 5:colcon.colcon_core.verb:set package 'fishbot_application' build argument 'cmake_clean_cache' from command line to 'False'
[0.875s] Level 5:colcon.colcon_core.verb:set package 'fishbot_application' build argument 'cmake_clean_first' from command line to 'False'
[0.875s] Level 5:colcon.colcon_core.verb:set package 'fishbot_application' build argument 'cmake_force_configure' from command line to 'False'
[0.875s] Level 5:colcon.colcon_core.verb:set package 'fishbot_application' build argument 'ament_cmake_args' from command line to 'None'
[0.875s] Level 5:colcon.colcon_core.verb:set package 'fishbot_application' build argument 'catkin_cmake_args' from command line to 'None'
[0.875s] Level 5:colcon.colcon_core.verb:set package 'fishbot_application' build argument 'catkin_skip_building_tests' from command line to 'False'
[0.875s] DEBUG:colcon.colcon_core.verb:Building package 'fishbot_application' with the following arguments: {'ament_cmake_args': None, 'build_base': '/home/k664309/chapt7/chapt7_ws/src/build/fishbot_application', 'catkin_cmake_args': None, 'catkin_skip_building_tests': False, 'cmake_args': None, 'cmake_clean_cache': False, 'cmake_clean_first': False, 'cmake_force_configure': False, 'cmake_target': None, 'cmake_target_skip_unavailable': False, 'install_base': '/home/k664309/chapt7/chapt7_ws/src/install/fishbot_application', 'merge_install': False, 'path': '/home/k664309/chapt7/chapt7_ws/src/fishbot_application', 'symlink_install': False, 'test_result_base': None}
[0.876s] Level 5:colcon.colcon_core.verb:set package 'fishbot_description' build argument 'cmake_args' from command line to 'None'
[0.876s] Level 5:colcon.colcon_core.verb:set package 'fishbot_description' build argument 'cmake_target' from command line to 'None'
[0.876s] Level 5:colcon.colcon_core.verb:set package 'fishbot_description' build argument 'cmake_target_skip_unavailable' from command line to 'False'
[0.876s] Level 5:colcon.colcon_core.verb:set package 'fishbot_description' build argument 'cmake_clean_cache' from command line to 'False'
[0.876s] Level 5:colcon.colcon_core.verb:set package 'fishbot_description' build argument 'cmake_clean_first' from command line to 'False'
[0.876s] Level 5:colcon.colcon_core.verb:set package 'fishbot_description' build argument 'cmake_force_configure' from command line to 'False'
[0.876s] Level 5:colcon.colcon_core.verb:set package 'fishbot_description' build argument 'ament_cmake_args' from command line to 'None'
[0.877s] Level 5:colcon.colcon_core.verb:set package 'fishbot_description' build argument 'catkin_cmake_args' from command line to 'None'
[0.877s] Level 5:colcon.colcon_core.verb:set package 'fishbot_description' build argument 'catkin_skip_building_tests' from command line to 'False'
[0.877s] DEBUG:colcon.colcon_core.verb:Building package 'fishbot_description' with the following arguments: {'ament_cmake_args': None, 'build_base': '/home/k664309/chapt7/chapt7_ws/src/build/fishbot_description', 'catkin_cmake_args': None, 'catkin_skip_building_tests': False, 'cmake_args': None, 'cmake_clean_cache': False, 'cmake_clean_first': False, 'cmake_force_configure': False, 'cmake_target': None, 'cmake_target_skip_unavailable': False, 'install_base': '/home/k664309/chapt7/chapt7_ws/src/install/fishbot_description', 'merge_install': False, 'path': '/home/k664309/chapt7/chapt7_ws/src/fishbot_description', 'symlink_install': False, 'test_result_base': None}
[0.878s] Level 5:colcon.colcon_core.verb:set package 'fishbot_navigation2' build argument 'cmake_args' from command line to 'None'
[0.878s] Level 5:colcon.colcon_core.verb:set package 'fishbot_navigation2' build argument 'cmake_target' from command line to 'None'
[0.878s] Level 5:colcon.colcon_core.verb:set package 'fishbot_navigation2' build argument 'cmake_target_skip_unavailable' from command line to 'False'
[0.878s] Level 5:colcon.colcon_core.verb:set package 'fishbot_navigation2' build argument 'cmake_clean_cache' from command line to 'False'
[0.878s] Level 5:colcon.colcon_core.verb:set package 'fishbot_navigation2' build argument 'cmake_clean_first' from command line to 'False'
[0.878s] Level 5:colcon.colcon_core.verb:set package 'fishbot_navigation2' build argument 'cmake_force_configure' from command line to 'False'
[0.878s] Level 5:colcon.colcon_core.verb:set package 'fishbot_navigation2' build argument 'ament_cmake_args' from command line to 'None'
[0.878s] Level 5:colcon.colcon_core.verb:set package 'fishbot_navigation2' build argument 'catkin_cmake_args' from command line to 'None'
[0.878s] Level 5:colcon.colcon_core.verb:set package 'fishbot_navigation2' build argument 'catkin_skip_building_tests' from command line to 'False'
[0.878s] DEBUG:colcon.colcon_core.verb:Building package 'fishbot_navigation2' with the following arguments: {'ament_cmake_args': None, 'build_base': '/home/k664309/chapt7/chapt7_ws/src/build/fishbot_navigation2', 'catkin_cmake_args': None, 'catkin_skip_building_tests': False, 'cmake_args': None, 'cmake_clean_cache': False, 'cmake_clean_first': False, 'cmake_force_configure': False, 'cmake_target': None, 'cmake_target_skip_unavailable': False, 'install_base': '/home/k664309/chapt7/chapt7_ws/src/install/fishbot_navigation2', 'merge_install': False, 'path': '/home/k664309/chapt7/chapt7_ws/src/fishbot_navigation2', 'symlink_install': False, 'test_result_base': None}
[0.878s] INFO:colcon.colcon_core.executor:Executing jobs using 'parallel' executor
[0.881s] DEBUG:colcon.colcon_parallel_executor.executor.parallel:run_until_complete
[0.881s] INFO:colcon.colcon_ros.task.ament_cmake.build:Building ROS package in '/home/k664309/chapt7/chapt7_ws/src/autopatrol_interfaces' with build type 'ament_cmake'
[0.882s] INFO:colcon.colcon_cmake.task.cmake.build:Building CMake package in '/home/k664309/chapt7/chapt7_ws/src/autopatrol_interfaces'
[0.890s] INFO:colcon.colcon_core.plugin_system:Skipping extension 'colcon_core.shell.bat': Not used on non-Windows systems
[0.890s] INFO:colcon.colcon_core.shell:Skip shell extension 'powershell' for command environment: Not usable outside of PowerShell
[0.890s] DEBUG:colcon.colcon_core.shell:Skip shell extension 'dsv' for command environment
[0.902s] INFO:colcon.colcon_ros.task.ament_python.build:Building ROS package in '/home/k664309/chapt7/chapt7_ws/src/autopatrol_robot' with build type 'ament_python'
[0.903s] Level 1:colcon.colcon_core.shell:create_environment_hook('autopatrol_robot', 'ament_prefix_path')
[0.903s] INFO:colcon.colcon_core.shell:Creating environment hook '/home/k664309/chapt7/chapt7_ws/src/install/autopatrol_robot/share/autopatrol_robot/hook/ament_prefix_path.ps1'
[0.905s] INFO:colcon.colcon_core.shell:Creating environment descriptor '/home/k664309/chapt7/chapt7_ws/src/install/autopatrol_robot/share/autopatrol_robot/hook/ament_prefix_path.dsv'
[0.906s] INFO:colcon.colcon_core.shell:Creating environment hook '/home/k664309/chapt7/chapt7_ws/src/install/autopatrol_robot/share/autopatrol_robot/hook/ament_prefix_path.sh'
[0.909s] INFO:colcon.colcon_core.shell:Skip shell extension 'powershell' for command environment: Not usable outside of PowerShell
[0.909s] DEBUG:colcon.colcon_core.shell:Skip shell extension 'dsv' for command environment
[0.919s] INFO:colcon.colcon_ros.task.ament_python.build:Building ROS package in '/home/k664309/chapt7/chapt7_ws/src/fishbot_application' with build type 'ament_python'
[0.920s] Level 1:colcon.colcon_core.shell:create_environment_hook('fishbot_application', 'ament_prefix_path')
[0.920s] INFO:colcon.colcon_core.shell:Creating environment hook '/home/k664309/chapt7/chapt7_ws/src/install/fishbot_application/share/fishbot_application/hook/ament_prefix_path.ps1'
[0.922s] INFO:colcon.colcon_core.shell:Creating environment descriptor '/home/k664309/chapt7/chapt7_ws/src/install/fishbot_application/share/fishbot_application/hook/ament_prefix_path.dsv'
[0.923s] INFO:colcon.colcon_core.shell:Creating environment hook '/home/k664309/chapt7/chapt7_ws/src/install/fishbot_application/share/fishbot_application/hook/ament_prefix_path.sh'
[0.924s] INFO:colcon.colcon_core.shell:Skip shell extension 'powershell' for command environment: Not usable outside of PowerShell
[0.925s] DEBUG:colcon.colcon_core.shell:Skip shell extension 'dsv' for command environment
[0.936s] INFO:colcon.colcon_ros.task.ament_cmake.build:Building ROS package in '/home/k664309/chapt7/chapt7_ws/src/fishbot_description' with build type 'ament_cmake'
[0.937s] INFO:colcon.colcon_cmake.task.cmake.build:Building CMake package in '/home/k664309/chapt7/chapt7_ws/src/fishbot_description'
[0.938s] INFO:colcon.colcon_core.shell:Skip shell extension 'powershell' for command environment: Not usable outside of PowerShell
[0.938s] DEBUG:colcon.colcon_core.shell:Skip shell extension 'dsv' for command environment
[0.953s] INFO:colcon.colcon_ros.task.ament_cmake.build:Building ROS package in '/home/k664309/chapt7/chapt7_ws/src/fishbot_navigation2' with build type 'ament_cmake'
[0.954s] INFO:colcon.colcon_cmake.task.cmake.build:Building CMake package in '/home/k664309/chapt7/chapt7_ws/src/fishbot_navigation2'
[0.955s] INFO:colcon.colcon_core.shell:Skip shell extension 'powershell' for command environment: Not usable outside of PowerShell
[0.955s] DEBUG:colcon.colcon_core.shell:Skip shell extension 'dsv' for command environment
[0.983s] DEBUG:colcon.colcon_core.event_handler.log_command:Invoking command in '/home/k664309/chapt7/chapt7_ws/src/build/autopatrol_interfaces': CMAKE_PREFIX_PATH=${CMAKE_PREFIX_PATH}:/home/k664309/chapt7/chapt7_ws/src/install/fishbot_application:/home/k664309/chapt7/chapt7_ws/src/install/autopatrol_robot:/opt/ros/humble /usr/bin/cmake --build /home/k664309/chapt7/chapt7_ws/src/build/autopatrol_interfaces -- -j6 -l6
[1.657s] INFO:colcon.colcon_core.task.python.build:Building Python package in '/home/k664309/chapt7/chapt7_ws/src/autopatrol_robot'
[1.658s] INFO:colcon.colcon_core.shell:Skip shell extension 'powershell' for command environment: Not usable outside of PowerShell
[1.658s] DEBUG:colcon.colcon_core.shell:Skip shell extension 'dsv' for command environment
[2.261s] INFO:colcon.colcon_core.task.python.build:Building Python package in '/home/k664309/chapt7/chapt7_ws/src/fishbot_application'
[2.262s] INFO:colcon.colcon_core.shell:Skip shell extension 'powershell' for command environment: Not usable outside of PowerShell
[2.263s] DEBUG:colcon.colcon_core.shell:Skip shell extension 'dsv' for command environment
[2.289s] DEBUG:colcon.colcon_core.event_handler.log_command:Invoking command in '/home/k664309/chapt7/chapt7_ws/src/build/fishbot_description': CMAKE_PREFIX_PATH=${CMAKE_PREFIX_PATH}:/home/k664309/chapt7/chapt7_ws/src/install/fishbot_application:/home/k664309/chapt7/chapt7_ws/src/install/autopatrol_robot:/opt/ros/humble /usr/bin/cmake --build /home/k664309/chapt7/chapt7_ws/src/build/fishbot_description -- -j6 -l6
[2.315s] DEBUG:colcon.colcon_core.event_handler.log_command:Invoking command in '/home/k664309/chapt7/chapt7_ws/src/build/fishbot_navigation2': CMAKE_PREFIX_PATH=${CMAKE_PREFIX_PATH}:/home/k664309/chapt7/chapt7_ws/src/install/fishbot_application:/home/k664309/chapt7/chapt7_ws/src/install/autopatrol_robot:/opt/ros/humble /usr/bin/cmake --build /home/k664309/chapt7/chapt7_ws/src/build/fishbot_navigation2 -- -j6 -l6
[2.335s] DEBUG:colcon.colcon_core.event_handler.log_command:Invoked command in '/home/k664309/chapt7/chapt7_ws/src/build/autopatrol_interfaces' returned '0': CMAKE_PREFIX_PATH=${CMAKE_PREFIX_PATH}:/home/k664309/chapt7/chapt7_ws/src/install/fishbot_application:/home/k664309/chapt7/chapt7_ws/src/install/autopatrol_robot:/opt/ros/humble /usr/bin/cmake --build /home/k664309/chapt7/chapt7_ws/src/build/autopatrol_interfaces -- -j6 -l6
[2.368s] DEBUG:colcon.colcon_core.event_handler.log_command:Invoking command in '/home/k664309/chapt7/chapt7_ws/src/build/autopatrol_interfaces': CMAKE_PREFIX_PATH=${CMAKE_PREFIX_PATH}:/home/k664309/chapt7/chapt7_ws/src/install/fishbot_application:/home/k664309/chapt7/chapt7_ws/src/install/autopatrol_robot:/opt/ros/humble /usr/bin/cmake --install /home/k664309/chapt7/chapt7_ws/src/build/autopatrol_interfaces
[2.413s] DEBUG:colcon.colcon_core.event_handler.log_command:Invoked command in '/home/k664309/chapt7/chapt7_ws/src/build/fishbot_description' returned '0': CMAKE_PREFIX_PATH=${CMAKE_PREFIX_PATH}:/home/k664309/chapt7/chapt7_ws/src/install/fishbot_application:/home/k664309/chapt7/chapt7_ws/src/install/autopatrol_robot:/opt/ros/humble /usr/bin/cmake --build /home/k664309/chapt7/chapt7_ws/src/build/fishbot_description -- -j6 -l6
[2.414s] DEBUG:colcon.colcon_core.event_handler.log_command:Invoking command in '/home/k664309/chapt7/chapt7_ws/src/build/fishbot_description': CMAKE_PREFIX_PATH=${CMAKE_PREFIX_PATH}:/home/k664309/chapt7/chapt7_ws/src/install/fishbot_application:/home/k664309/chapt7/chapt7_ws/src/install/autopatrol_robot:/opt/ros/humble /usr/bin/cmake --install /home/k664309/chapt7/chapt7_ws/src/build/fishbot_description
[2.470s] Level 1:colcon.colcon_core.environment:create_environment_scripts_only(fishbot_description)
[2.475s] DEBUG:colcon.colcon_core.event_handler.log_command:Invoked command in '/home/k664309/chapt7/chapt7_ws/src/build/fishbot_description' returned '0': CMAKE_PREFIX_PATH=${CMAKE_PREFIX_PATH}:/home/k664309/chapt7/chapt7_ws/src/install/fishbot_application:/home/k664309/chapt7/chapt7_ws/src/install/autopatrol_robot:/opt/ros/humble /usr/bin/cmake --install /home/k664309/chapt7/chapt7_ws/src/build/fishbot_description
[2.479s] Level 1:colcon.colcon_core.environment:checking '/home/k664309/chapt7/chapt7_ws/src/install/fishbot_description' for CMake module files
[2.481s] Level 1:colcon.colcon_core.environment:checking '/home/k664309/chapt7/chapt7_ws/src/install/fishbot_description' for CMake config files
[2.481s] Level 1:colcon.colcon_core.shell:create_environment_hook('fishbot_description', 'cmake_prefix_path')
[2.481s] INFO:colcon.colcon_core.shell:Creating environment hook '/home/k664309/chapt7/chapt7_ws/src/install/fishbot_description/share/fishbot_description/hook/cmake_prefix_path.ps1'
[2.483s] INFO:colcon.colcon_core.shell:Creating environment descriptor '/home/k664309/chapt7/chapt7_ws/src/install/fishbot_description/share/fishbot_description/hook/cmake_prefix_path.dsv'
[2.484s] INFO:colcon.colcon_core.shell:Creating environment hook '/home/k664309/chapt7/chapt7_ws/src/install/fishbot_description/share/fishbot_description/hook/cmake_prefix_path.sh'
[2.485s] Level 1:colcon.colcon_core.environment:checking '/home/k664309/chapt7/chapt7_ws/src/install/fishbot_description/bin'
[2.485s] Level 1:colcon.colcon_core.environment:checking '/home/k664309/chapt7/chapt7_ws/src/install/fishbot_description/lib/pkgconfig/fishbot_description.pc'
[2.486s] Level 1:colcon.colcon_core.environment:checking '/home/k664309/chapt7/chapt7_ws/src/install/fishbot_description/lib/python3.10/site-packages'
[2.487s] Level 1:colcon.colcon_core.environment:checking '/home/k664309/chapt7/chapt7_ws/src/install/fishbot_description/bin'
[2.488s] INFO:colcon.colcon_core.shell:Creating package script '/home/k664309/chapt7/chapt7_ws/src/install/fishbot_description/share/fishbot_description/package.ps1'
[2.490s] INFO:colcon.colcon_core.shell:Creating package descriptor '/home/k664309/chapt7/chapt7_ws/src/install/fishbot_description/share/fishbot_description/package.dsv'
[2.491s] INFO:colcon.colcon_core.shell:Creating package script '/home/k664309/chapt7/chapt7_ws/src/install/fishbot_description/share/fishbot_description/package.sh'
[2.493s] INFO:colcon.colcon_core.shell:Creating package script '/home/k664309/chapt7/chapt7_ws/src/install/fishbot_description/share/fishbot_description/package.bash'
[2.494s] INFO:colcon.colcon_core.shell:Creating package script '/home/k664309/chapt7/chapt7_ws/src/install/fishbot_description/share/fishbot_description/package.zsh'
[2.497s] Level 1:colcon.colcon_core.environment:create_file_with_runtime_dependencies(/home/k664309/chapt7/chapt7_ws/src/install/fishbot_description/share/colcon-core/packages/fishbot_description)
[2.498s] Level 1:colcon.colcon_core.environment:create_environment_scripts_only(fishbot_description)
[2.498s] Level 1:colcon.colcon_core.environment:checking '/home/k664309/chapt7/chapt7_ws/src/install/fishbot_description' for CMake module files
[2.500s] Level 1:colcon.colcon_core.environment:checking '/home/k664309/chapt7/chapt7_ws/src/install/fishbot_description' for CMake config files
[2.501s] Level 1:colcon.colcon_core.shell:create_environment_hook('fishbot_description', 'cmake_prefix_path')
[2.502s] INFO:colcon.colcon_core.shell:Creating environment hook '/home/k664309/chapt7/chapt7_ws/src/install/fishbot_description/share/fishbot_description/hook/cmake_prefix_path.ps1'
[2.503s] INFO:colcon.colcon_core.shell:Creating environment descriptor '/home/k664309/chapt7/chapt7_ws/src/install/fishbot_description/share/fishbot_description/hook/cmake_prefix_path.dsv'
[2.504s] INFO:colcon.colcon_core.shell:Creating environment hook '/home/k664309/chapt7/chapt7_ws/src/install/fishbot_description/share/fishbot_description/hook/cmake_prefix_path.sh'
[2.506s] Level 1:colcon.colcon_core.environment:checking '/home/k664309/chapt7/chapt7_ws/src/install/fishbot_description/bin'
[2.506s] Level 1:colcon.colcon_core.environment:checking '/home/k664309/chapt7/chapt7_ws/src/install/fishbot_description/lib/pkgconfig/fishbot_description.pc'
[2.507s] Level 1:colcon.colcon_core.environment:checking '/home/k664309/chapt7/chapt7_ws/src/install/fishbot_description/lib/python3.10/site-packages'
[2.508s] Level 1:colcon.colcon_core.environment:checking '/home/k664309/chapt7/chapt7_ws/src/install/fishbot_description/bin'
[2.508s] INFO:colcon.colcon_core.shell:Creating package script '/home/k664309/chapt7/chapt7_ws/src/install/fishbot_description/share/fishbot_description/package.ps1'
[2.510s] INFO:colcon.colcon_core.shell:Creating package descriptor '/home/k664309/chapt7/chapt7_ws/src/install/fishbot_description/share/fishbot_description/package.dsv'
[2.511s] INFO:colcon.colcon_core.shell:Creating package script '/home/k664309/chapt7/chapt7_ws/src/install/fishbot_description/share/fishbot_description/package.sh'
[2.513s] INFO:colcon.colcon_core.shell:Creating package script '/home/k664309/chapt7/chapt7_ws/src/install/fishbot_description/share/fishbot_description/package.bash'
[2.514s] INFO:colcon.colcon_core.shell:Creating package script '/home/k664309/chapt7/chapt7_ws/src/install/fishbot_description/share/fishbot_description/package.zsh'
[2.516s] Level 1:colcon.colcon_core.environment:create_file_with_runtime_dependencies(/home/k664309/chapt7/chapt7_ws/src/install/fishbot_description/share/colcon-core/packages/fishbot_description)
[2.533s] DEBUG:colcon.colcon_core.event_handler.log_command:Invoked command in '/home/k664309/chapt7/chapt7_ws/src/build/fishbot_navigation2' returned '0': CMAKE_PREFIX_PATH=${CMAKE_PREFIX_PATH}:/home/k664309/chapt7/chapt7_ws/src/install/fishbot_application:/home/k664309/chapt7/chapt7_ws/src/install/autopatrol_robot:/opt/ros/humble /usr/bin/cmake --build /home/k664309/chapt7/chapt7_ws/src/build/fishbot_navigation2 -- -j6 -l6
[2.534s] DEBUG:colcon.colcon_core.event_handler.log_command:Invoking command in '/home/k664309/chapt7/chapt7_ws/src/build/fishbot_navigation2': CMAKE_PREFIX_PATH=${CMAKE_PREFIX_PATH}:/home/k664309/chapt7/chapt7_ws/src/install/fishbot_application:/home/k664309/chapt7/chapt7_ws/src/install/autopatrol_robot:/opt/ros/humble /usr/bin/cmake --install /home/k664309/chapt7/chapt7_ws/src/build/fishbot_navigation2
[2.571s] Level 1:colcon.colcon_core.environment:create_environment_scripts_only(fishbot_navigation2)
[2.572s] Level 1:colcon.colcon_core.environment:checking '/home/k664309/chapt7/chapt7_ws/src/install/fishbot_navigation2' for CMake module files
[2.573s] DEBUG:colcon.colcon_core.event_handler.log_command:Invoked command in '/home/k664309/chapt7/chapt7_ws/src/build/fishbot_navigation2' returned '0': CMAKE_PREFIX_PATH=${CMAKE_PREFIX_PATH}:/home/k664309/chapt7/chapt7_ws/src/install/fishbot_application:/home/k664309/chapt7/chapt7_ws/src/install/autopatrol_robot:/opt/ros/humble /usr/bin/cmake --install /home/k664309/chapt7/chapt7_ws/src/build/fishbot_navigation2
[2.574s] Level 1:colcon.colcon_core.environment:checking '/home/k664309/chapt7/chapt7_ws/src/install/fishbot_navigation2' for CMake config files
[2.574s] Level 1:colcon.colcon_core.shell:create_environment_hook('fishbot_navigation2', 'cmake_prefix_path')
[2.575s] INFO:colcon.colcon_core.shell:Creating environment hook '/home/k664309/chapt7/chapt7_ws/src/install/fishbot_navigation2/share/fishbot_navigation2/hook/cmake_prefix_path.ps1'
[2.582s] INFO:colcon.colcon_core.shell:Creating environment descriptor '/home/k664309/chapt7/chapt7_ws/src/install/fishbot_navigation2/share/fishbot_navigation2/hook/cmake_prefix_path.dsv'
[2.583s] INFO:colcon.colcon_core.shell:Creating environment hook '/home/k664309/chapt7/chapt7_ws/src/install/fishbot_navigation2/share/fishbot_navigation2/hook/cmake_prefix_path.sh'
[2.588s] Level 1:colcon.colcon_core.environment:checking '/home/k664309/chapt7/chapt7_ws/src/install/fishbot_navigation2/bin'
[2.588s] Level 1:colcon.colcon_core.environment:checking '/home/k664309/chapt7/chapt7_ws/src/install/fishbot_navigation2/lib/pkgconfig/fishbot_navigation2.pc'
[2.589s] Level 1:colcon.colcon_core.environment:checking '/home/k664309/chapt7/chapt7_ws/src/install/fishbot_navigation2/lib/python3.10/site-packages'
[2.589s] Level 1:colcon.colcon_core.environment:checking '/home/k664309/chapt7/chapt7_ws/src/install/fishbot_navigation2/bin'
[2.590s] INFO:colcon.colcon_core.shell:Creating package script '/home/k664309/chapt7/chapt7_ws/src/install/fishbot_navigation2/share/fishbot_navigation2/package.ps1'
[2.591s] INFO:colcon.colcon_core.shell:Creating package descriptor '/home/k664309/chapt7/chapt7_ws/src/install/fishbot_navigation2/share/fishbot_navigation2/package.dsv'
[2.592s] INFO:colcon.colcon_core.shell:Creating package script '/home/k664309/chapt7/chapt7_ws/src/install/fishbot_navigation2/share/fishbot_navigation2/package.sh'
[2.594s] INFO:colcon.colcon_core.shell:Creating package script '/home/k664309/chapt7/chapt7_ws/src/install/fishbot_navigation2/share/fishbot_navigation2/package.bash'
[2.595s] INFO:colcon.colcon_core.shell:Creating package script '/home/k664309/chapt7/chapt7_ws/src/install/fishbot_navigation2/share/fishbot_navigation2/package.zsh'
[2.596s] Level 1:colcon.colcon_core.environment:create_file_with_runtime_dependencies(/home/k664309/chapt7/chapt7_ws/src/install/fishbot_navigation2/share/colcon-core/packages/fishbot_navigation2)
[2.598s] Level 1:colcon.colcon_core.environment:create_environment_scripts_only(fishbot_navigation2)
[2.599s] Level 1:colcon.colcon_core.environment:checking '/home/k664309/chapt7/chapt7_ws/src/install/fishbot_navigation2' for CMake module files
[2.600s] Level 1:colcon.colcon_core.environment:checking '/home/k664309/chapt7/chapt7_ws/src/install/fishbot_navigation2' for CMake config files
[2.601s] Level 1:colcon.colcon_core.shell:create_environment_hook('fishbot_navigation2', 'cmake_prefix_path')
[2.601s] INFO:colcon.colcon_core.shell:Creating environment hook '/home/k664309/chapt7/chapt7_ws/src/install/fishbot_navigation2/share/fishbot_navigation2/hook/cmake_prefix_path.ps1'
[2.602s] INFO:colcon.colcon_core.shell:Creating environment descriptor '/home/k664309/chapt7/chapt7_ws/src/install/fishbot_navigation2/share/fishbot_navigation2/hook/cmake_prefix_path.dsv'
[2.603s] INFO:colcon.colcon_core.shell:Creating environment hook '/home/k664309/chapt7/chapt7_ws/src/install/fishbot_navigation2/share/fishbot_navigation2/hook/cmake_prefix_path.sh'
[2.605s] Level 1:colcon.colcon_core.environment:checking '/home/k664309/chapt7/chapt7_ws/src/install/fishbot_navigation2/bin'
[2.605s] Level 1:colcon.colcon_core.environment:checking '/home/k664309/chapt7/chapt7_ws/src/install/fishbot_navigation2/lib/pkgconfig/fishbot_navigation2.pc'
[2.605s] Level 1:colcon.colcon_core.environment:checking '/home/k664309/chapt7/chapt7_ws/src/install/fishbot_navigation2/lib/python3.10/site-packages'
[2.606s] Level 1:colcon.colcon_core.environment:checking '/home/k664309/chapt7/chapt7_ws/src/install/fishbot_navigation2/bin'
[2.606s] INFO:colcon.colcon_core.shell:Creating package script '/home/k664309/chapt7/chapt7_ws/src/install/fishbot_navigation2/share/fishbot_navigation2/package.ps1'
[2.607s] INFO:colcon.colcon_core.shell:Creating package descriptor '/home/k664309/chapt7/chapt7_ws/src/install/fishbot_navigation2/share/fishbot_navigation2/package.dsv'
[2.608s] INFO:colcon.colcon_core.shell:Creating package script '/home/k664309/chapt7/chapt7_ws/src/install/fishbot_navigation2/share/fishbot_navigation2/package.sh'
[2.609s] INFO:colcon.colcon_core.shell:Creating package script '/home/k664309/chapt7/chapt7_ws/src/install/fishbot_navigation2/share/fishbot_navigation2/package.bash'
[2.611s] INFO:colcon.colcon_core.shell:Creating package script '/home/k664309/chapt7/chapt7_ws/src/install/fishbot_navigation2/share/fishbot_navigation2/package.zsh'
[2.612s] Level 1:colcon.colcon_core.environment:create_file_with_runtime_dependencies(/home/k664309/chapt7/chapt7_ws/src/install/fishbot_navigation2/share/colcon-core/packages/fishbot_navigation2)
[2.615s] Level 1:colcon.colcon_core.environment:create_environment_scripts_only(autopatrol_interfaces)
[2.616s] Level 1:colcon.colcon_core.environment:checking '/home/k664309/chapt7/chapt7_ws/src/install/autopatrol_interfaces' for CMake module files
[2.617s] DEBUG:colcon.colcon_core.event_handler.log_command:Invoked command in '/home/k664309/chapt7/chapt7_ws/src/build/autopatrol_interfaces' returned '0': CMAKE_PREFIX_PATH=${CMAKE_PREFIX_PATH}:/home/k664309/chapt7/chapt7_ws/src/install/fishbot_application:/home/k664309/chapt7/chapt7_ws/src/install/autopatrol_robot:/opt/ros/humble /usr/bin/cmake --install /home/k664309/chapt7/chapt7_ws/src/build/autopatrol_interfaces
[2.619s] Level 1:colcon.colcon_core.environment:checking '/home/k664309/chapt7/chapt7_ws/src/install/autopatrol_interfaces' for CMake config files
[2.620s] Level 1:colcon.colcon_core.shell:create_environment_hook('autopatrol_interfaces', 'cmake_prefix_path')
[2.621s] INFO:colcon.colcon_core.shell:Creating environment hook '/home/k664309/chapt7/chapt7_ws/src/install/autopatrol_interfaces/share/autopatrol_interfaces/hook/cmake_prefix_path.ps1'
[2.623s] INFO:colcon.colcon_core.shell:Creating environment descriptor '/home/k664309/chapt7/chapt7_ws/src/install/autopatrol_interfaces/share/autopatrol_interfaces/hook/cmake_prefix_path.dsv'
[2.624s] INFO:colcon.colcon_core.shell:Creating environment hook '/home/k664309/chapt7/chapt7_ws/src/install/autopatrol_interfaces/share/autopatrol_interfaces/hook/cmake_prefix_path.sh'
[2.627s] Level 1:colcon.colcon_core.environment:checking '/home/k664309/chapt7/chapt7_ws/src/install/autopatrol_interfaces/lib'
[2.627s] Level 1:colcon.colcon_core.shell:create_environment_hook('autopatrol_interfaces', 'ld_library_path_lib')
[2.628s] INFO:colcon.colcon_core.shell:Creating environment hook '/home/k664309/chapt7/chapt7_ws/src/install/autopatrol_interfaces/share/autopatrol_interfaces/hook/ld_library_path_lib.ps1'
[2.631s] INFO:colcon.colcon_core.shell:Creating environment descriptor '/home/k664309/chapt7/chapt7_ws/src/install/autopatrol_interfaces/share/autopatrol_interfaces/hook/ld_library_path_lib.dsv'
[2.632s] INFO:colcon.colcon_core.shell:Creating environment hook '/home/k664309/chapt7/chapt7_ws/src/install/autopatrol_interfaces/share/autopatrol_interfaces/hook/ld_library_path_lib.sh'
[2.635s] Level 1:colcon.colcon_core.environment:checking '/home/k664309/chapt7/chapt7_ws/src/install/autopatrol_interfaces/bin'
[2.635s] Level 1:colcon.colcon_core.environment:checking '/home/k664309/chapt7/chapt7_ws/src/install/autopatrol_interfaces/lib/pkgconfig/autopatrol_interfaces.pc'
[2.636s] Level 1:colcon.colcon_core.environment:checking '/home/k664309/chapt7/chapt7_ws/src/install/autopatrol_interfaces/lib/python3.10/site-packages'
[2.636s] Level 1:colcon.colcon_core.environment:checking '/home/k664309/chapt7/chapt7_ws/src/install/autopatrol_interfaces/bin'
[2.637s] INFO:colcon.colcon_core.shell:Creating package script '/home/k664309/chapt7/chapt7_ws/src/install/autopatrol_interfaces/share/autopatrol_interfaces/package.ps1'
[2.639s] INFO:colcon.colcon_core.shell:Creating package descriptor '/home/k664309/chapt7/chapt7_ws/src/install/autopatrol_interfaces/share/autopatrol_interfaces/package.dsv'
[2.640s] INFO:colcon.colcon_core.shell:Creating package script '/home/k664309/chapt7/chapt7_ws/src/install/autopatrol_interfaces/share/autopatrol_interfaces/package.sh'
[2.642s] INFO:colcon.colcon_core.shell:Creating package script '/home/k664309/chapt7/chapt7_ws/src/install/autopatrol_interfaces/share/autopatrol_interfaces/package.bash'
[2.643s] INFO:colcon.colcon_core.shell:Creating package script '/home/k664309/chapt7/chapt7_ws/src/install/autopatrol_interfaces/share/autopatrol_interfaces/package.zsh'
[2.644s] Level 1:colcon.colcon_core.environment:create_file_with_runtime_dependencies(/home/k664309/chapt7/chapt7_ws/src/install/autopatrol_interfaces/share/colcon-core/packages/autopatrol_interfaces)
[2.646s] Level 1:colcon.colcon_core.environment:create_environment_scripts_only(autopatrol_interfaces)
[2.647s] Level 1:colcon.colcon_core.environment:checking '/home/k664309/chapt7/chapt7_ws/src/install/autopatrol_interfaces' for CMake module files
[2.648s] Level 1:colcon.colcon_core.environment:checking '/home/k664309/chapt7/chapt7_ws/src/install/autopatrol_interfaces' for CMake config files
[2.650s] Level 1:colcon.colcon_core.shell:create_environment_hook('autopatrol_interfaces', 'cmake_prefix_path')
[2.651s] INFO:colcon.colcon_core.shell:Creating environment hook '/home/k664309/chapt7/chapt7_ws/src/install/autopatrol_interfaces/share/autopatrol_interfaces/hook/cmake_prefix_path.ps1'
[2.652s] INFO:colcon.colcon_core.shell:Creating environment descriptor '/home/k664309/chapt7/chapt7_ws/src/install/autopatrol_interfaces/share/autopatrol_interfaces/hook/cmake_prefix_path.dsv'
[2.653s] INFO:colcon.colcon_core.shell:Creating environment hook '/home/k664309/chapt7/chapt7_ws/src/install/autopatrol_interfaces/share/autopatrol_interfaces/hook/cmake_prefix_path.sh'
[2.655s] Level 1:colcon.colcon_core.environment:checking '/home/k664309/chapt7/chapt7_ws/src/install/autopatrol_interfaces/lib'
[2.656s] Level 1:colcon.colcon_core.shell:create_environment_hook('autopatrol_interfaces', 'ld_library_path_lib')
[2.656s] INFO:colcon.colcon_core.shell:Creating environment hook '/home/k664309/chapt7/chapt7_ws/src/install/autopatrol_interfaces/share/autopatrol_interfaces/hook/ld_library_path_lib.ps1'
[2.658s] INFO:colcon.colcon_core.shell:Creating environment descriptor '/home/k664309/chapt7/chapt7_ws/src/install/autopatrol_interfaces/share/autopatrol_interfaces/hook/ld_library_path_lib.dsv'
[2.660s] INFO:colcon.colcon_core.shell:Creating environment hook '/home/k664309/chapt7/chapt7_ws/src/install/autopatrol_interfaces/share/autopatrol_interfaces/hook/ld_library_path_lib.sh'
[2.661s] Level 1:colcon.colcon_core.environment:checking '/home/k664309/chapt7/chapt7_ws/src/install/autopatrol_interfaces/bin'
[2.662s] Level 1:colcon.colcon_core.environment:checking '/home/k664309/chapt7/chapt7_ws/src/install/autopatrol_interfaces/lib/pkgconfig/autopatrol_interfaces.pc'
[2.663s] Level 1:colcon.colcon_core.environment:checking '/home/k664309/chapt7/chapt7_ws/src/install/autopatrol_interfaces/lib/python3.10/site-packages'
[2.663s] Level 1:colcon.colcon_core.environment:checking '/home/k664309/chapt7/chapt7_ws/src/install/autopatrol_interfaces/bin'
[2.664s] INFO:colcon.colcon_core.shell:Creating package script '/home/k664309/chapt7/chapt7_ws/src/install/autopatrol_interfaces/share/autopatrol_interfaces/package.ps1'
[2.666s] INFO:colcon.colcon_core.shell:Creating package descriptor '/home/k664309/chapt7/chapt7_ws/src/install/autopatrol_interfaces/share/autopatrol_interfaces/package.dsv'
[2.668s] INFO:colcon.colcon_core.shell:Creating package script '/home/k664309/chapt7/chapt7_ws/src/install/autopatrol_interfaces/share/autopatrol_interfaces/package.sh'
[2.670s] INFO:colcon.colcon_core.shell:Creating package script '/home/k664309/chapt7/chapt7_ws/src/install/autopatrol_interfaces/share/autopatrol_interfaces/package.bash'
[2.671s] INFO:colcon.colcon_core.shell:Creating package script '/home/k664309/chapt7/chapt7_ws/src/install/autopatrol_interfaces/share/autopatrol_interfaces/package.zsh'
[2.672s] Level 1:colcon.colcon_core.environment:create_file_with_runtime_dependencies(/home/k664309/chapt7/chapt7_ws/src/install/autopatrol_interfaces/share/colcon-core/packages/autopatrol_interfaces)
[3.194s] DEBUG:colcon.colcon_core.event_handler.log_command:Invoking command in '/home/k664309/chapt7/chapt7_ws/src/autopatrol_robot': PYTHONPATH=/home/k664309/chapt7/chapt7_ws/src/build/autopatrol_robot/prefix_override:/usr/lib/python3/dist-packages/colcon_core/task/python/colcon_distutils_commands:/home/k664309/chapt7/chapt7_ws/src/install/autopatrol_robot/lib/python3.10/site-packages:${PYTHONPATH} /usr/bin/python3 -W ignore:setup.py install is deprecated -W ignore:easy_install command is deprecated setup.py egg_info --egg-base ../build/autopatrol_robot build --build-base /home/k664309/chapt7/chapt7_ws/src/build/autopatrol_robot/build install --record /home/k664309/chapt7/chapt7_ws/src/build/autopatrol_robot/install.log --single-version-externally-managed install_data
[3.254s] DEBUG:colcon.colcon_core.event_handler.log_command:Invoking command in '/home/k664309/chapt7/chapt7_ws/src/fishbot_application': PYTHONPATH=/home/k664309/chapt7/chapt7_ws/src/build/fishbot_application/prefix_override:/usr/lib/python3/dist-packages/colcon_core/task/python/colcon_distutils_commands:/home/k664309/chapt7/chapt7_ws/src/install/fishbot_application/lib/python3.10/site-packages:${PYTHONPATH} /usr/bin/python3 -W ignore:setup.py install is deprecated -W ignore:easy_install command is deprecated setup.py egg_info --egg-base ../build/fishbot_application build --build-base /home/k664309/chapt7/chapt7_ws/src/build/fishbot_application/build install --record /home/k664309/chapt7/chapt7_ws/src/build/fishbot_application/install.log --single-version-externally-managed install_data
[3.891s] Level 1:colcon.colcon_core.environment:checking '/home/k664309/chapt7/chapt7_ws/src/install/autopatrol_robot' for CMake module files
[3.893s] DEBUG:colcon.colcon_core.event_handler.log_command:Invoked command in '/home/k664309/chapt7/chapt7_ws/src/autopatrol_robot' returned '0': PYTHONPATH=/home/k664309/chapt7/chapt7_ws/src/build/autopatrol_robot/prefix_override:/usr/lib/python3/dist-packages/colcon_core/task/python/colcon_distutils_commands:/home/k664309/chapt7/chapt7_ws/src/install/autopatrol_robot/lib/python3.10/site-packages:${PYTHONPATH} /usr/bin/python3 -W ignore:setup.py install is deprecated -W ignore:easy_install command is deprecated setup.py egg_info --egg-base ../build/autopatrol_robot build --build-base /home/k664309/chapt7/chapt7_ws/src/build/autopatrol_robot/build install --record /home/k664309/chapt7/chapt7_ws/src/build/autopatrol_robot/install.log --single-version-externally-managed install_data
[3.894s] Level 1:colcon.colcon_core.environment:checking '/home/k664309/chapt7/chapt7_ws/src/install/autopatrol_robot' for CMake config files
[3.895s] Level 1:colcon.colcon_core.environment:checking '/home/k664309/chapt7/chapt7_ws/src/install/autopatrol_robot/lib'
[3.895s] Level 1:colcon.colcon_core.environment:checking '/home/k664309/chapt7/chapt7_ws/src/install/autopatrol_robot/bin'
[3.896s] Level 1:colcon.colcon_core.environment:checking '/home/k664309/chapt7/chapt7_ws/src/install/autopatrol_robot/lib/pkgconfig/autopatrol_robot.pc'
[3.896s] Level 1:colcon.colcon_core.environment:checking '/home/k664309/chapt7/chapt7_ws/src/install/autopatrol_robot/lib/python3.10/site-packages'
[3.896s] Level 1:colcon.colcon_core.shell:create_environment_hook('autopatrol_robot', 'pythonpath')
[3.897s] INFO:colcon.colcon_core.shell:Creating environment hook '/home/k664309/chapt7/chapt7_ws/src/install/autopatrol_robot/share/autopatrol_robot/hook/pythonpath.ps1'
[3.898s] INFO:colcon.colcon_core.shell:Creating environment descriptor '/home/k664309/chapt7/chapt7_ws/src/install/autopatrol_robot/share/autopatrol_robot/hook/pythonpath.dsv'
[3.899s] INFO:colcon.colcon_core.shell:Creating environment hook '/home/k664309/chapt7/chapt7_ws/src/install/autopatrol_robot/share/autopatrol_robot/hook/pythonpath.sh'
[3.901s] Level 1:colcon.colcon_core.environment:checking '/home/k664309/chapt7/chapt7_ws/src/install/autopatrol_robot/bin'
[3.901s] Level 1:colcon.colcon_core.environment:create_environment_scripts_only(autopatrol_robot)
[3.902s] INFO:colcon.colcon_core.shell:Creating package script '/home/k664309/chapt7/chapt7_ws/src/install/autopatrol_robot/share/autopatrol_robot/package.ps1'
[3.904s] INFO:colcon.colcon_core.shell:Creating package descriptor '/home/k664309/chapt7/chapt7_ws/src/install/autopatrol_robot/share/autopatrol_robot/package.dsv'
[3.905s] INFO:colcon.colcon_core.shell:Creating package script '/home/k664309/chapt7/chapt7_ws/src/install/autopatrol_robot/share/autopatrol_robot/package.sh'
[3.906s] INFO:colcon.colcon_core.shell:Creating package script '/home/k664309/chapt7/chapt7_ws/src/install/autopatrol_robot/share/autopatrol_robot/package.bash'
[3.908s] INFO:colcon.colcon_core.shell:Creating package script '/home/k664309/chapt7/chapt7_ws/src/install/autopatrol_robot/share/autopatrol_robot/package.zsh'
[3.911s] Level 1:colcon.colcon_core.environment:create_file_with_runtime_dependencies(/home/k664309/chapt7/chapt7_ws/src/install/autopatrol_robot/share/colcon-core/packages/autopatrol_robot)
[3.956s] Level 1:colcon.colcon_core.environment:checking '/home/k664309/chapt7/chapt7_ws/src/install/fishbot_application' for CMake module files
[3.959s] DEBUG:colcon.colcon_core.event_handler.log_command:Invoked command in '/home/k664309/chapt7/chapt7_ws/src/fishbot_application' returned '0': PYTHONPATH=/home/k664309/chapt7/chapt7_ws/src/build/fishbot_application/prefix_override:/usr/lib/python3/dist-packages/colcon_core/task/python/colcon_distutils_commands:/home/k664309/chapt7/chapt7_ws/src/install/fishbot_application/lib/python3.10/site-packages:${PYTHONPATH} /usr/bin/python3 -W ignore:setup.py install is deprecated -W ignore:easy_install command is deprecated setup.py egg_info --egg-base ../build/fishbot_application build --build-base /home/k664309/chapt7/chapt7_ws/src/build/fishbot_application/build install --record /home/k664309/chapt7/chapt7_ws/src/build/fishbot_application/install.log --single-version-externally-managed install_data
[3.959s] Level 1:colcon.colcon_core.environment:checking '/home/k664309/chapt7/chapt7_ws/src/install/fishbot_application' for CMake config files
[3.960s] Level 1:colcon.colcon_core.environment:checking '/home/k664309/chapt7/chapt7_ws/src/install/fishbot_application/lib'
[3.961s] Level 1:colcon.colcon_core.environment:checking '/home/k664309/chapt7/chapt7_ws/src/install/fishbot_application/bin'
[3.961s] Level 1:colcon.colcon_core.environment:checking '/home/k664309/chapt7/chapt7_ws/src/install/fishbot_application/lib/pkgconfig/fishbot_application.pc'
[3.962s] Level 1:colcon.colcon_core.environment:checking '/home/k664309/chapt7/chapt7_ws/src/install/fishbot_application/lib/python3.10/site-packages'
[3.962s] Level 1:colcon.colcon_core.shell:create_environment_hook('fishbot_application', 'pythonpath')
[3.962s] INFO:colcon.colcon_core.shell:Creating environment hook '/home/k664309/chapt7/chapt7_ws/src/install/fishbot_application/share/fishbot_application/hook/pythonpath.ps1'
[3.964s] INFO:colcon.colcon_core.shell:Creating environment descriptor '/home/k664309/chapt7/chapt7_ws/src/install/fishbot_application/share/fishbot_application/hook/pythonpath.dsv'
[3.965s] INFO:colcon.colcon_core.shell:Creating environment hook '/home/k664309/chapt7/chapt7_ws/src/install/fishbot_application/share/fishbot_application/hook/pythonpath.sh'
[3.967s] Level 1:colcon.colcon_core.environment:checking '/home/k664309/chapt7/chapt7_ws/src/install/fishbot_application/bin'
[3.968s] Level 1:colcon.colcon_core.environment:create_environment_scripts_only(fishbot_application)
[3.968s] INFO:colcon.colcon_core.shell:Creating package script '/home/k664309/chapt7/chapt7_ws/src/install/fishbot_application/share/fishbot_application/package.ps1'
[3.970s] INFO:colcon.colcon_core.shell:Creating package descriptor '/home/k664309/chapt7/chapt7_ws/src/install/fishbot_application/share/fishbot_application/package.dsv'
[3.971s] INFO:colcon.colcon_core.shell:Creating package script '/home/k664309/chapt7/chapt7_ws/src/install/fishbot_application/share/fishbot_application/package.sh'
[3.973s] INFO:colcon.colcon_core.shell:Creating package script '/home/k664309/chapt7/chapt7_ws/src/install/fishbot_application/share/fishbot_application/package.bash'
[3.974s] INFO:colcon.colcon_core.shell:Creating package script '/home/k664309/chapt7/chapt7_ws/src/install/fishbot_application/share/fishbot_application/package.zsh'
[3.975s] Level 1:colcon.colcon_core.environment:create_file_with_runtime_dependencies(/home/k664309/chapt7/chapt7_ws/src/install/fishbot_application/share/colcon-core/packages/fishbot_application)
[3.976s] DEBUG:colcon.colcon_parallel_executor.executor.parallel:closing loop
[3.977s] DEBUG:colcon.colcon_parallel_executor.executor.parallel:loop closed
[3.977s] DEBUG:colcon.colcon_parallel_executor.executor.parallel:run_until_complete finished with '0'
[3.977s] DEBUG:colcon.colcon_core.event_reactor:joining thread
[3.993s] INFO:colcon.colcon_core.plugin_system:Skipping extension 'colcon_notification.desktop_notification.terminal_notifier': Not used on non-Darwin systems
[3.993s] INFO:colcon.colcon_core.plugin_system:Skipping extension 'colcon_notification.desktop_notification.win32': Not used on non-Windows systems
[3.993s] INFO:colcon.colcon_notification.desktop_notification:Sending desktop notification using 'notify2'
[4.026s] DEBUG:colcon.colcon_core.event_reactor:joined thread
[4.027s] INFO:colcon.colcon_core.shell:Creating prefix script '/home/k664309/chapt7/chapt7_ws/src/install/local_setup.ps1'
[4.029s] INFO:colcon.colcon_core.shell:Creating prefix util module '/home/k664309/chapt7/chapt7_ws/src/install/_local_setup_util_ps1.py'
[4.033s] INFO:colcon.colcon_core.shell:Creating prefix chain script '/home/k664309/chapt7/chapt7_ws/src/install/setup.ps1'
[4.036s] INFO:colcon.colcon_core.shell:Creating prefix script '/home/k664309/chapt7/chapt7_ws/src/install/local_setup.sh'
[4.038s] INFO:colcon.colcon_core.shell:Creating prefix util module '/home/k664309/chapt7/chapt7_ws/src/install/_local_setup_util_sh.py'
[4.041s] INFO:colcon.colcon_core.shell:Creating prefix chain script '/home/k664309/chapt7/chapt7_ws/src/install/setup.sh'
[4.044s] INFO:colcon.colcon_core.shell:Creating prefix script '/home/k664309/chapt7/chapt7_ws/src/install/local_setup.bash'
[4.046s] INFO:colcon.colcon_core.shell:Creating prefix chain script '/home/k664309/chapt7/chapt7_ws/src/install/setup.bash'
[4.049s] INFO:colcon.colcon_core.shell:Creating prefix script '/home/k664309/chapt7/chapt7_ws/src/install/local_setup.zsh'
[4.050s] INFO:colcon.colcon_core.shell:Creating prefix chain script '/home/k664309/chapt7/chapt7_ws/src/install/setup.zsh'
