[2.380s] Invoking command in '/home/k664309/chapt7/chapt7_ws/src/autopatrol_robot': PYTHONPATH=/home/k664309/chapt7/chapt7_ws/src/build/autopatrol_robot/prefix_override:/usr/lib/python3/dist-packages/colcon_core/task/python/colcon_distutils_commands:/home/k664309/chapt7/chapt7_ws/src/install/autopatrol_robot/lib/python3.10/site-packages:${PYTHONPATH} /usr/bin/python3 -W ignore:setup.py install is deprecated -W ignore:easy_install command is deprecated setup.py egg_info --egg-base ../build/autopatrol_robot build --build-base /home/k664309/chapt7/chapt7_ws/src/build/autopatrol_robot/build install --record /home/k664309/chapt7/chapt7_ws/src/build/autopatrol_robot/install.log --single-version-externally-managed install_data
[2.940s] running egg_info
[2.941s] writing ../build/autopatrol_robot/autopatrol_robot.egg-info/PKG-INFO
[2.944s] writing dependency_links to ../build/autopatrol_robot/autopatrol_robot.egg-info/dependency_links.txt
[2.944s] writing entry points to ../build/autopatrol_robot/autopatrol_robot.egg-info/entry_points.txt
[2.944s] writing requirements to ../build/autopatrol_robot/autopatrol_robot.egg-info/requires.txt
[2.944s] writing top-level names to ../build/autopatrol_robot/autopatrol_robot.egg-info/top_level.txt
[2.949s] reading manifest file '../build/autopatrol_robot/autopatrol_robot.egg-info/SOURCES.txt'
[2.951s] writing manifest file '../build/autopatrol_robot/autopatrol_robot.egg-info/SOURCES.txt'
[2.952s] running build
[2.952s] running build_py
[2.953s] running install
[2.955s] running install_lib
[2.957s] running install_data
[2.958s] copying config/patrol_config.yaml -> /home/k664309/chapt7/chapt7_ws/src/install/autopatrol_robot/share/autopatrol_robot/config
[2.959s] running install_egg_info
[2.963s] removing '/home/k664309/chapt7/chapt7_ws/src/install/autopatrol_robot/lib/python3.10/site-packages/autopatrol_robot-0.0.0-py3.10.egg-info' (and everything under it)
[2.964s] Copying ../build/autopatrol_robot/autopatrol_robot.egg-info to /home/k664309/chapt7/chapt7_ws/src/install/autopatrol_robot/lib/python3.10/site-packages/autopatrol_robot-0.0.0-py3.10.egg-info
[2.968s] running install_scripts
[3.011s] Installing patrol_node script to /home/k664309/chapt7/chapt7_ws/src/install/autopatrol_robot/lib/autopatrol_robot
[3.012s] Installing speaker script to /home/k664309/chapt7/chapt7_ws/src/install/autopatrol_robot/lib/autopatrol_robot
[3.013s] writing list of installed files to '/home/k664309/chapt7/chapt7_ws/src/build/autopatrol_robot/install.log'
[3.063s] Invoked command in '/home/k664309/chapt7/chapt7_ws/src/autopatrol_robot' returned '0': PYTHONPATH=/home/k664309/chapt7/chapt7_ws/src/build/autopatrol_robot/prefix_override:/usr/lib/python3/dist-packages/colcon_core/task/python/colcon_distutils_commands:/home/k664309/chapt7/chapt7_ws/src/install/autopatrol_robot/lib/python3.10/site-packages:${PYTHONPATH} /usr/bin/python3 -W ignore:setup.py install is deprecated -W ignore:easy_install command is deprecated setup.py egg_info --egg-base ../build/autopatrol_robot build --build-base /home/k664309/chapt7/chapt7_ws/src/build/autopatrol_robot/build install --record /home/k664309/chapt7/chapt7_ws/src/build/autopatrol_robot/install.log --single-version-externally-managed install_data
