[2.332s] Invoking command in '/home/k664309/chapt7/chapt7_ws/src/fishbot_application': PYTHONPATH=/home/k664309/chapt7/chapt7_ws/src/build/fishbot_application/prefix_override:/usr/lib/python3/dist-packages/colcon_core/task/python/colcon_distutils_commands:/home/k664309/chapt7/chapt7_ws/src/install/fishbot_application/lib/python3.10/site-packages:${PYTHONPATH} /usr/bin/python3 -W ignore:setup.py install is deprecated -W ignore:easy_install command is deprecated setup.py egg_info --egg-base ../build/fishbot_application build --build-base /home/k664309/chapt7/chapt7_ws/src/build/fishbot_application/build install --record /home/k664309/chapt7/chapt7_ws/src/build/fishbot_application/install.log --single-version-externally-managed install_data
[2.914s] running egg_info
[2.916s] writing ../build/fishbot_application/fishbot_application.egg-info/PKG-INFO
[2.919s] writing dependency_links to ../build/fishbot_application/fishbot_application.egg-info/dependency_links.txt
[2.919s] writing entry points to ../build/fishbot_application/fishbot_application.egg-info/entry_points.txt
[2.920s] writing requirements to ../build/fishbot_application/fishbot_application.egg-info/requires.txt
[2.920s] writing top-level names to ../build/fishbot_application/fishbot_application.egg-info/top_level.txt
[2.923s] reading manifest file '../build/fishbot_application/fishbot_application.egg-info/SOURCES.txt'
[2.924s] adding license file 'LICENSE'
[2.925s] writing manifest file '../build/fishbot_application/fishbot_application.egg-info/SOURCES.txt'
[2.926s] running build
[2.927s] running build_py
[2.927s] running install
[2.928s] running install_lib
[2.932s] running install_data
[2.932s] running install_egg_info
[2.937s] removing '/home/k664309/chapt7/chapt7_ws/src/install/fishbot_application/lib/python3.10/site-packages/fishbot_application-0.0.0-py3.10.egg-info' (and everything under it)
[2.938s] Copying ../build/fishbot_application/fishbot_application.egg-info to /home/k664309/chapt7/chapt7_ws/src/install/fishbot_application/lib/python3.10/site-packages/fishbot_application-0.0.0-py3.10.egg-info
[2.941s] running install_scripts
[2.986s] Installing get_robot_pose script to /home/k664309/chapt7/chapt7_ws/src/install/fishbot_application/lib/fishbot_application
[2.989s] Installing init_robot_pose script to /home/k664309/chapt7/chapt7_ws/src/install/fishbot_application/lib/fishbot_application
[2.991s] Installing nav_to_pose script to /home/k664309/chapt7/chapt7_ws/src/install/fishbot_application/lib/fishbot_application
[2.991s] Installing waypoint_follower script to /home/k664309/chapt7/chapt7_ws/src/install/fishbot_application/lib/fishbot_application
[2.991s] writing list of installed files to '/home/k664309/chapt7/chapt7_ws/src/build/fishbot_application/install.log'
[3.037s] Invoked command in '/home/k664309/chapt7/chapt7_ws/src/fishbot_application' returned '0': PYTHONPATH=/home/k664309/chapt7/chapt7_ws/src/build/fishbot_application/prefix_override:/usr/lib/python3/dist-packages/colcon_core/task/python/colcon_distutils_commands:/home/k664309/chapt7/chapt7_ws/src/install/fishbot_application/lib/python3.10/site-packages:${PYTHONPATH} /usr/bin/python3 -W ignore:setup.py install is deprecated -W ignore:easy_install command is deprecated setup.py egg_info --egg-base ../build/fishbot_application build --build-base /home/k664309/chapt7/chapt7_ws/src/build/fishbot_application/build install --record /home/k664309/chapt7/chapt7_ws/src/build/fishbot_application/install.log --single-version-externally-managed install_data
