[2.411s] Invoking command in '/home/k664309/chapt7/chapt7_ws/src/autopatrol_robot': PYTHONPATH=/home/k664309/chapt7/chapt7_ws/src/build/autopatrol_robot/prefix_override:/usr/lib/python3/dist-packages/colcon_core/task/python/colcon_distutils_commands:/home/k664309/chapt7/chapt7_ws/src/install/autopatrol_robot/lib/python3.10/site-packages:${PYTHONPATH} /usr/bin/python3 -W ignore:setup.py install is deprecated -W ignore:easy_install command is deprecated setup.py egg_info --egg-base ../build/autopatrol_robot build --build-base /home/k664309/chapt7/chapt7_ws/src/build/autopatrol_robot/build install --record /home/k664309/chapt7/chapt7_ws/src/build/autopatrol_robot/install.log --single-version-externally-managed install_data
[2.981s] running egg_info
[2.985s] writing ../build/autopatrol_robot/autopatrol_robot.egg-info/PKG-INFO
[2.987s] writing dependency_links to ../build/autopatrol_robot/autopatrol_robot.egg-info/dependency_links.txt
[2.988s] writing entry points to ../build/autopatrol_robot/autopatrol_robot.egg-info/entry_points.txt
[2.988s] writing requirements to ../build/autopatrol_robot/autopatrol_robot.egg-info/requires.txt
[2.988s] writing top-level names to ../build/autopatrol_robot/autopatrol_robot.egg-info/top_level.txt
[2.992s] reading manifest file '../build/autopatrol_robot/autopatrol_robot.egg-info/SOURCES.txt'
[2.994s] writing manifest file '../build/autopatrol_robot/autopatrol_robot.egg-info/SOURCES.txt'
[2.995s] running build
[2.995s] running build_py
[2.995s] running install
[2.995s] running install_lib
[2.998s] running install_data
[2.999s] running install_egg_info
[3.003s] removing '/home/k664309/chapt7/chapt7_ws/src/install/autopatrol_robot/lib/python3.10/site-packages/autopatrol_robot-0.0.0-py3.10.egg-info' (and everything under it)
[3.004s] Copying ../build/autopatrol_robot/autopatrol_robot.egg-info to /home/k664309/chapt7/chapt7_ws/src/install/autopatrol_robot/lib/python3.10/site-packages/autopatrol_robot-0.0.0-py3.10.egg-info
[3.007s] running install_scripts
[3.058s] Installing patrol_node script to /home/k664309/chapt7/chapt7_ws/src/install/autopatrol_robot/lib/autopatrol_robot
[3.058s] Installing speaker script to /home/k664309/chapt7/chapt7_ws/src/install/autopatrol_robot/lib/autopatrol_robot
[3.060s] writing list of installed files to '/home/k664309/chapt7/chapt7_ws/src/build/autopatrol_robot/install.log'
[3.109s] Invoked command in '/home/k664309/chapt7/chapt7_ws/src/autopatrol_robot' returned '0': PYTHONPATH=/home/k664309/chapt7/chapt7_ws/src/build/autopatrol_robot/prefix_override:/usr/lib/python3/dist-packages/colcon_core/task/python/colcon_distutils_commands:/home/k664309/chapt7/chapt7_ws/src/install/autopatrol_robot/lib/python3.10/site-packages:${PYTHONPATH} /usr/bin/python3 -W ignore:setup.py install is deprecated -W ignore:easy_install command is deprecated setup.py egg_info --egg-base ../build/autopatrol_robot build --build-base /home/k664309/chapt7/chapt7_ws/src/build/autopatrol_robot/build install --record /home/k664309/chapt7/chapt7_ws/src/build/autopatrol_robot/install.log --single-version-externally-managed install_data
