running egg_info
creating ../build/autopatrol_robot/autopatrol_robot.egg-info
writing ../build/autopatrol_robot/autopatrol_robot.egg-info/PKG-INFO
writing dependency_links to ../build/autopatrol_robot/autopatrol_robot.egg-info/dependency_links.txt
writing entry points to ../build/autopatrol_robot/autopatrol_robot.egg-info/entry_points.txt
writing requirements to ../build/autopatrol_robot/autopatrol_robot.egg-info/requires.txt
writing top-level names to ../build/autopatrol_robot/autopatrol_robot.egg-info/top_level.txt
writing manifest file '../build/autopatrol_robot/autopatrol_robot.egg-info/SOURCES.txt'
reading manifest file '../build/autopatrol_robot/autopatrol_robot.egg-info/SOURCES.txt'
writing manifest file '../build/autopatrol_robot/autopatrol_robot.egg-info/SOURCES.txt'
running build
running build_py
creating /home/k664309/chapt7/chapt7_ws/src/build/autopatrol_robot/build
creating /home/k664309/chapt7/chapt7_ws/src/build/autopatrol_robot/build/lib
creating /home/k664309/chapt7/chapt7_ws/src/build/autopatrol_robot/build/lib/autopatrol_robot
copying autopatrol_robot/speaker.py -> /home/k664309/chapt7/chapt7_ws/src/build/autopatrol_robot/build/lib/autopatrol_robot
copying autopatrol_robot/patrol_node.py -> /home/k664309/chapt7/chapt7_ws/src/build/autopatrol_robot/build/lib/autopatrol_robot
copying autopatrol_robot/__init__.py -> /home/k664309/chapt7/chapt7_ws/src/build/autopatrol_robot/build/lib/autopatrol_robot
running install
running install_lib
creating /home/k664309/chapt7/chapt7_ws/src/install/autopatrol_robot/lib/python3.10/site-packages/autopatrol_robot
copying /home/k664309/chapt7/chapt7_ws/src/build/autopatrol_robot/build/lib/autopatrol_robot/speaker.py -> /home/k664309/chapt7/chapt7_ws/src/install/autopatrol_robot/lib/python3.10/site-packages/autopatrol_robot
copying /home/k664309/chapt7/chapt7_ws/src/build/autopatrol_robot/build/lib/autopatrol_robot/patrol_node.py -> /home/k664309/chapt7/chapt7_ws/src/install/autopatrol_robot/lib/python3.10/site-packages/autopatrol_robot
copying /home/k664309/chapt7/chapt7_ws/src/build/autopatrol_robot/build/lib/autopatrol_robot/__init__.py -> /home/k664309/chapt7/chapt7_ws/src/install/autopatrol_robot/lib/python3.10/site-packages/autopatrol_robot
byte-compiling /home/k664309/chapt7/chapt7_ws/src/install/autopatrol_robot/lib/python3.10/site-packages/autopatrol_robot/speaker.py to speaker.cpython-310.pyc
byte-compiling /home/k664309/chapt7/chapt7_ws/src/install/autopatrol_robot/lib/python3.10/site-packages/autopatrol_robot/patrol_node.py to patrol_node.cpython-310.pyc
byte-compiling /home/k664309/chapt7/chapt7_ws/src/install/autopatrol_robot/lib/python3.10/site-packages/autopatrol_robot/__init__.py to __init__.cpython-310.pyc
running install_data
creating /home/k664309/chapt7/chapt7_ws/src/install/autopatrol_robot/share/ament_index
creating /home/k664309/chapt7/chapt7_ws/src/install/autopatrol_robot/share/ament_index/resource_index
creating /home/k664309/chapt7/chapt7_ws/src/install/autopatrol_robot/share/ament_index/resource_index/packages
copying resource/autopatrol_robot -> /home/k664309/chapt7/chapt7_ws/src/install/autopatrol_robot/share/ament_index/resource_index/packages
copying package.xml -> /home/k664309/chapt7/chapt7_ws/src/install/autopatrol_robot/share/autopatrol_robot
creating /home/k664309/chapt7/chapt7_ws/src/install/autopatrol_robot/share/autopatrol_robot/config
copying config/patrol_config.yaml -> /home/k664309/chapt7/chapt7_ws/src/install/autopatrol_robot/share/autopatrol_robot/config
running install_egg_info
Copying ../build/autopatrol_robot/autopatrol_robot.egg-info to /home/k664309/chapt7/chapt7_ws/src/install/autopatrol_robot/lib/python3.10/site-packages/autopatrol_robot-0.0.0-py3.10.egg-info
running install_scripts
Installing patrol_node script to /home/k664309/chapt7/chapt7_ws/src/install/autopatrol_robot/lib/autopatrol_robot
Installing speaker script to /home/k664309/chapt7/chapt7_ws/src/install/autopatrol_robot/lib/autopatrol_robot
writing list of installed files to '/home/k664309/chapt7/chapt7_ws/src/build/autopatrol_robot/install.log'
