[1.412s] Invoking command in '/home/k664309/chapt7/chapt7_ws/src/build/fishbot_navigation2': CMAKE_PREFIX_PATH=${CMAKE_PREFIX_PATH}:/home/k664309/chapt7/chapt7_ws/src/install/fishbot_application:/home/k664309/chapt7/chapt7_ws/src/install/autopatrol_robot:/opt/ros/humble /usr/bin/cmake --build /home/k664309/chapt7/chapt7_ws/src/build/fishbot_navigation2 -- -j6 -l6
[1.560s] Invoked command in '/home/k664309/chapt7/chapt7_ws/src/build/fishbot_navigation2' returned '0': CMAKE_PREFIX_PATH=${CMAKE_PREFIX_PATH}:/home/k664309/chapt7/chapt7_ws/src/install/fishbot_application:/home/k664309/chapt7/chapt7_ws/src/install/autopatrol_robot:/opt/ros/humble /usr/bin/cmake --build /home/k664309/chapt7/chapt7_ws/src/build/fishbot_navigation2 -- -j6 -l6
[1.561s] Invoking command in '/home/k664309/chapt7/chapt7_ws/src/build/fishbot_navigation2': CMAKE_PREFIX_PATH=${CMAKE_PREFIX_PATH}:/home/k664309/chapt7/chapt7_ws/src/install/fishbot_application:/home/k664309/chapt7/chapt7_ws/src/install/autopatrol_robot:/opt/ros/humble /usr/bin/cmake --install /home/k664309/chapt7/chapt7_ws/src/build/fishbot_navigation2
[1.645s] -- Install configuration: ""
[1.650s] -- Up-to-date: /home/k664309/chapt7/chapt7_ws/src/install/fishbot_navigation2/share/fishbot_navigation2/launch
[1.650s] -- Up-to-date: /home/k664309/chapt7/chapt7_ws/src/install/fishbot_navigation2/share/fishbot_navigation2/launch/navigation2.launch.py
[1.650s] -- Up-to-date: /home/k664309/chapt7/chapt7_ws/src/install/fishbot_navigation2/share/fishbot_navigation2/config
[1.651s] -- Up-to-date: /home/k664309/chapt7/chapt7_ws/src/install/fishbot_navigation2/share/fishbot_navigation2/config/nav2_params.yaml
[1.654s] -- Up-to-date: /home/k664309/chapt7/chapt7_ws/src/install/fishbot_navigation2/share/fishbot_navigation2/maps
[1.654s] -- Up-to-date: /home/k664309/chapt7/chapt7_ws/src/install/fishbot_navigation2/share/fishbot_navigation2/maps/room.yaml
[1.655s] -- Up-to-date: /home/k664309/chapt7/chapt7_ws/src/install/fishbot_navigation2/share/fishbot_navigation2/maps/room.pgm
[1.655s] -- Up-to-date: /home/k664309/chapt7/chapt7_ws/src/install/fishbot_navigation2/share/ament_index/resource_index/package_run_dependencies/fishbot_navigation2
[1.655s] -- Up-to-date: /home/k664309/chapt7/chapt7_ws/src/install/fishbot_navigation2/share/ament_index/resource_index/parent_prefix_path/fishbot_navigation2
[1.656s] -- Up-to-date: /home/k664309/chapt7/chapt7_ws/src/install/fishbot_navigation2/share/fishbot_navigation2/environment/ament_prefix_path.sh
[1.656s] -- Up-to-date: /home/k664309/chapt7/chapt7_ws/src/install/fishbot_navigation2/share/fishbot_navigation2/environment/ament_prefix_path.dsv
[1.656s] -- Up-to-date: /home/k664309/chapt7/chapt7_ws/src/install/fishbot_navigation2/share/fishbot_navigation2/environment/path.sh
[1.657s] -- Up-to-date: /home/k664309/chapt7/chapt7_ws/src/install/fishbot_navigation2/share/fishbot_navigation2/environment/path.dsv
[1.657s] -- Up-to-date: /home/k664309/chapt7/chapt7_ws/src/install/fishbot_navigation2/share/fishbot_navigation2/local_setup.bash
[1.657s] -- Up-to-date: /home/k664309/chapt7/chapt7_ws/src/install/fishbot_navigation2/share/fishbot_navigation2/local_setup.sh
[1.658s] -- Up-to-date: /home/k664309/chapt7/chapt7_ws/src/install/fishbot_navigation2/share/fishbot_navigation2/local_setup.zsh
[1.658s] -- Up-to-date: /home/k664309/chapt7/chapt7_ws/src/install/fishbot_navigation2/share/fishbot_navigation2/local_setup.dsv
[1.658s] -- Installing: /home/k664309/chapt7/chapt7_ws/src/install/fishbot_navigation2/share/fishbot_navigation2/package.dsv
[1.658s] -- Up-to-date: /home/k664309/chapt7/chapt7_ws/src/install/fishbot_navigation2/share/ament_index/resource_index/packages/fishbot_navigation2
[1.662s] -- Up-to-date: /home/k664309/chapt7/chapt7_ws/src/install/fishbot_navigation2/share/fishbot_navigation2/cmake/fishbot_navigation2Config.cmake
[1.663s] -- Up-to-date: /home/k664309/chapt7/chapt7_ws/src/install/fishbot_navigation2/share/fishbot_navigation2/cmake/fishbot_navigation2Config-version.cmake
[1.663s] -- Up-to-date: /home/k664309/chapt7/chapt7_ws/src/install/fishbot_navigation2/share/fishbot_navigation2/package.xml
[1.703s] Invoked command in '/home/k664309/chapt7/chapt7_ws/src/build/fishbot_navigation2' returned '0': CMAKE_PREFIX_PATH=${CMAKE_PREFIX_PATH}:/home/k664309/chapt7/chapt7_ws/src/install/fishbot_application:/home/k664309/chapt7/chapt7_ws/src/install/autopatrol_robot:/opt/ros/humble /usr/bin/cmake --install /home/k664309/chapt7/chapt7_ws/src/build/fishbot_navigation2
