[2.365s] Invoking command in '/home/k664309/chapt7/chapt7_ws/src/fishbot_application': PYTHONPATH=/home/k664309/chapt7/chapt7_ws/src/build/fishbot_application/prefix_override:/usr/lib/python3/dist-packages/colcon_core/task/python/colcon_distutils_commands:/home/k664309/chapt7/chapt7_ws/src/install/fishbot_application/lib/python3.10/site-packages:${PYTHONPATH} /usr/bin/python3 -W ignore:setup.py install is deprecated -W ignore:easy_install command is deprecated setup.py egg_info --egg-base ../build/fishbot_application build --build-base /home/k664309/chapt7/chapt7_ws/src/build/fishbot_application/build install --record /home/k664309/chapt7/chapt7_ws/src/build/fishbot_application/install.log --single-version-externally-managed install_data
[3.032s] running egg_info
[3.032s] creating ../build/fishbot_application/fishbot_application.egg-info
[3.033s] writing ../build/fishbot_application/fishbot_application.egg-info/PKG-INFO
[3.035s] writing dependency_links to ../build/fishbot_application/fishbot_application.egg-info/dependency_links.txt
[3.035s] writing entry points to ../build/fishbot_application/fishbot_application.egg-info/entry_points.txt
[3.036s] writing requirements to ../build/fishbot_application/fishbot_application.egg-info/requires.txt
[3.036s] writing top-level names to ../build/fishbot_application/fishbot_application.egg-info/top_level.txt
[3.037s] writing manifest file '../build/fishbot_application/fishbot_application.egg-info/SOURCES.txt'
[3.041s] reading manifest file '../build/fishbot_application/fishbot_application.egg-info/SOURCES.txt'
[3.042s] adding license file 'LICENSE'
[3.043s] writing manifest file '../build/fishbot_application/fishbot_application.egg-info/SOURCES.txt'
[3.043s] running build
[3.044s] running build_py
[3.045s] creating /home/k664309/chapt7/chapt7_ws/src/build/fishbot_application/build
[3.045s] creating /home/k664309/chapt7/chapt7_ws/src/build/fishbot_application/build/lib
[3.046s] creating /home/k664309/chapt7/chapt7_ws/src/build/fishbot_application/build/lib/fishbot_application
[3.047s] copying fishbot_application/waypoint_follower.py -> /home/k664309/chapt7/chapt7_ws/src/build/fishbot_application/build/lib/fishbot_application
[3.047s] copying fishbot_application/__init__.py -> /home/k664309/chapt7/chapt7_ws/src/build/fishbot_application/build/lib/fishbot_application
[3.047s] copying fishbot_application/init_robot_pose.py -> /home/k664309/chapt7/chapt7_ws/src/build/fishbot_application/build/lib/fishbot_application
[3.047s] copying fishbot_application/nav_to_pose.py -> /home/k664309/chapt7/chapt7_ws/src/build/fishbot_application/build/lib/fishbot_application
[3.047s] copying fishbot_application/get_robot_pose.py -> /home/k664309/chapt7/chapt7_ws/src/build/fishbot_application/build/lib/fishbot_application
[3.047s] running install
[3.047s] running install_lib
[3.051s] creating /home/k664309/chapt7/chapt7_ws/src/install/fishbot_application/lib/python3.10/site-packages/fishbot_application
[3.052s] copying /home/k664309/chapt7/chapt7_ws/src/build/fishbot_application/build/lib/fishbot_application/waypoint_follower.py -> /home/k664309/chapt7/chapt7_ws/src/install/fishbot_application/lib/python3.10/site-packages/fishbot_application
[3.053s] copying /home/k664309/chapt7/chapt7_ws/src/build/fishbot_application/build/lib/fishbot_application/__init__.py -> /home/k664309/chapt7/chapt7_ws/src/install/fishbot_application/lib/python3.10/site-packages/fishbot_application
[3.053s] copying /home/k664309/chapt7/chapt7_ws/src/build/fishbot_application/build/lib/fishbot_application/init_robot_pose.py -> /home/k664309/chapt7/chapt7_ws/src/install/fishbot_application/lib/python3.10/site-packages/fishbot_application
[3.053s] copying /home/k664309/chapt7/chapt7_ws/src/build/fishbot_application/build/lib/fishbot_application/nav_to_pose.py -> /home/k664309/chapt7/chapt7_ws/src/install/fishbot_application/lib/python3.10/site-packages/fishbot_application
[3.053s] copying /home/k664309/chapt7/chapt7_ws/src/build/fishbot_application/build/lib/fishbot_application/get_robot_pose.py -> /home/k664309/chapt7/chapt7_ws/src/install/fishbot_application/lib/python3.10/site-packages/fishbot_application
[3.053s] byte-compiling /home/k664309/chapt7/chapt7_ws/src/install/fishbot_application/lib/python3.10/site-packages/fishbot_application/waypoint_follower.py to waypoint_follower.cpython-310.pyc
[3.053s] byte-compiling /home/k664309/chapt7/chapt7_ws/src/install/fishbot_application/lib/python3.10/site-packages/fishbot_application/__init__.py to __init__.cpython-310.pyc
[3.057s] byte-compiling /home/k664309/chapt7/chapt7_ws/src/install/fishbot_application/lib/python3.10/site-packages/fishbot_application/init_robot_pose.py to init_robot_pose.cpython-310.pyc
[3.057s] byte-compiling /home/k664309/chapt7/chapt7_ws/src/install/fishbot_application/lib/python3.10/site-packages/fishbot_application/nav_to_pose.py to nav_to_pose.cpython-310.pyc
[3.057s] byte-compiling /home/k664309/chapt7/chapt7_ws/src/install/fishbot_application/lib/python3.10/site-packages/fishbot_application/get_robot_pose.py to get_robot_pose.cpython-310.pyc
[3.057s] running install_data
[3.057s] creating /home/k664309/chapt7/chapt7_ws/src/install/fishbot_application/share/ament_index
[3.057s] creating /home/k664309/chapt7/chapt7_ws/src/install/fishbot_application/share/ament_index/resource_index
[3.057s] creating /home/k664309/chapt7/chapt7_ws/src/install/fishbot_application/share/ament_index/resource_index/packages
[3.058s] copying resource/fishbot_application -> /home/k664309/chapt7/chapt7_ws/src/install/fishbot_application/share/ament_index/resource_index/packages
[3.058s] copying package.xml -> /home/k664309/chapt7/chapt7_ws/src/install/fishbot_application/share/fishbot_application
[3.058s] running install_egg_info
[3.063s] Copying ../build/fishbot_application/fishbot_application.egg-info to /home/k664309/chapt7/chapt7_ws/src/install/fishbot_application/lib/python3.10/site-packages/fishbot_application-0.0.0-py3.10.egg-info
[3.063s] running install_scripts
[3.113s] Installing get_robot_pose script to /home/k664309/chapt7/chapt7_ws/src/install/fishbot_application/lib/fishbot_application
[3.115s] Installing init_robot_pose script to /home/k664309/chapt7/chapt7_ws/src/install/fishbot_application/lib/fishbot_application
[3.115s] Installing nav_to_pose script to /home/k664309/chapt7/chapt7_ws/src/install/fishbot_application/lib/fishbot_application
[3.116s] Installing waypoint_follower script to /home/k664309/chapt7/chapt7_ws/src/install/fishbot_application/lib/fishbot_application
[3.118s] writing list of installed files to '/home/k664309/chapt7/chapt7_ws/src/build/fishbot_application/install.log'
[3.168s] Invoked command in '/home/k664309/chapt7/chapt7_ws/src/fishbot_application' returned '0': PYTHONPATH=/home/k664309/chapt7/chapt7_ws/src/build/fishbot_application/prefix_override:/usr/lib/python3/dist-packages/colcon_core/task/python/colcon_distutils_commands:/home/k664309/chapt7/chapt7_ws/src/install/fishbot_application/lib/python3.10/site-packages:${PYTHONPATH} /usr/bin/python3 -W ignore:setup.py install is deprecated -W ignore:easy_install command is deprecated setup.py egg_info --egg-base ../build/fishbot_application build --build-base /home/k664309/chapt7/chapt7_ws/src/build/fishbot_application/build install --record /home/k664309/chapt7/chapt7_ws/src/build/fishbot_application/install.log --single-version-externally-managed install_data
