[0.289s] DEBUG:colcon:Command line arguments: ['/usr/bin/colcon', 'build']
[0.289s] DEBUG:colcon:Parsed command line arguments: Namespace(log_base=None, log_level=None, verb_name='build', build_base='build', install_base='install', merge_install=False, symlink_install=False, test_result_base=None, continue_on_error=False, executor='parallel', parallel_workers=6, event_handlers=None, ignore_user_meta=False, metas=['./colcon.meta'], base_paths=['.'], packages_ignore=None, packages_ignore_regex=None, paths=None, packages_up_to=None, packages_up_to_regex=None, packages_above=None, packages_above_and_dependencies=None, packages_above_depth=None, packages_select_by_dep=None, packages_skip_by_dep=None, packages_skip_up_to=None, packages_select_build_failed=False, packages_skip_build_finished=False, packages_select_test_failures=False, packages_skip_test_passed=False, packages_select=None, packages_skip=None, packages_select_regex=None, packages_skip_regex=None, packages_start=None, packages_end=None, allow_overriding=[], cmake_args=None, cmake_target=None, cmake_target_skip_unavailable=False, cmake_clean_cache=False, cmake_clean_first=False, cmake_force_configure=False, ament_cmake_args=None, catkin_cmake_args=None, catkin_skip_building_tests=False, mixin_files=None, mixin=None, verb_parser=<colcon_mixin.mixin.mixin_argument.MixinArgumentDecorator object at 0x7ee3dc91e710>, verb_extension=<colcon_core.verb.build.BuildVerb object at 0x7ee3dca77700>, main=<bound method BuildVerb.main of <colcon_core.verb.build.BuildVerb object at 0x7ee3dca77700>>, mixin_verb=('build',))
[0.780s] Level 1:colcon.colcon_core.package_discovery:discover_packages(colcon_meta) check parameters
[0.781s] Level 1:colcon.colcon_core.package_discovery:discover_packages(recursive) check parameters
[0.781s] Level 1:colcon.colcon_core.package_discovery:discover_packages(ignore) check parameters
[0.781s] Level 1:colcon.colcon_core.package_discovery:discover_packages(path) check parameters
[0.781s] Level 1:colcon.colcon_core.package_discovery:discover_packages(colcon_meta) discover
[0.781s] Level 1:colcon.colcon_core.package_discovery:discover_packages(recursive) discover
[0.781s] INFO:colcon.colcon_core.package_discovery:Crawling recursively for packages in '/home/k664309/chapt7/chapt7_ws/src'
[0.781s] Level 1:colcon.colcon_core.package_identification:_identify(.) by extensions ['ignore', 'ignore_ament_install']
[0.782s] Level 1:colcon.colcon_core.package_identification:_identify(.) by extension 'ignore'
[0.782s] Level 1:colcon.colcon_core.package_identification:_identify(.) by extension 'ignore_ament_install'
[0.782s] Level 1:colcon.colcon_core.package_identification:_identify(.) by extensions ['colcon_pkg']
[0.782s] Level 1:colcon.colcon_core.package_identification:_identify(.) by extension 'colcon_pkg'
[0.782s] Level 1:colcon.colcon_core.package_identification:_identify(.) by extensions ['colcon_meta']
[0.782s] Level 1:colcon.colcon_core.package_identification:_identify(.) by extension 'colcon_meta'
[0.782s] Level 1:colcon.colcon_core.package_identification:_identify(.) by extensions ['ros']
[0.782s] Level 1:colcon.colcon_core.package_identification:_identify(.) by extension 'ros'
[0.812s] Level 1:colcon.colcon_core.package_identification:_identify(.) by extensions ['cmake', 'python']
[0.812s] Level 1:colcon.colcon_core.package_identification:_identify(.) by extension 'cmake'
[0.812s] Level 1:colcon.colcon_core.package_identification:_identify(.) by extension 'python'
[0.812s] Level 1:colcon.colcon_core.package_identification:_identify(.) by extensions ['python_setup_py']
[0.813s] Level 1:colcon.colcon_core.package_identification:_identify(.) by extension 'python_setup_py'
[0.813s] Level 1:colcon.colcon_core.package_identification:_identify(build) by extensions ['ignore', 'ignore_ament_install']
[0.813s] Level 1:colcon.colcon_core.package_identification:_identify(build) by extension 'ignore'
[0.813s] Level 1:colcon.colcon_core.package_identification:_identify(build) ignored
[0.814s] Level 1:colcon.colcon_core.package_identification:_identify(fishbot_description) by extensions ['ignore', 'ignore_ament_install']
[0.814s] Level 1:colcon.colcon_core.package_identification:_identify(fishbot_description) by extension 'ignore'
[0.815s] Level 1:colcon.colcon_core.package_identification:_identify(fishbot_description) by extension 'ignore_ament_install'
[0.815s] Level 1:colcon.colcon_core.package_identification:_identify(fishbot_description) by extensions ['colcon_pkg']
[0.815s] Level 1:colcon.colcon_core.package_identification:_identify(fishbot_description) by extension 'colcon_pkg'
[0.815s] Level 1:colcon.colcon_core.package_identification:_identify(fishbot_description) by extensions ['colcon_meta']
[0.815s] Level 1:colcon.colcon_core.package_identification:_identify(fishbot_description) by extension 'colcon_meta'
[0.815s] Level 1:colcon.colcon_core.package_identification:_identify(fishbot_description) by extensions ['ros']
[0.816s] Level 1:colcon.colcon_core.package_identification:_identify(fishbot_description) by extension 'ros'
[0.821s] DEBUG:colcon.colcon_core.package_identification:Package 'fishbot_description' with type 'ros.ament_cmake' and name 'fishbot_description'
[0.822s] Level 1:colcon.colcon_core.package_identification:_identify(fishbot_navigation2) by extensions ['ignore', 'ignore_ament_install']
[0.822s] Level 1:colcon.colcon_core.package_identification:_identify(fishbot_navigation2) by extension 'ignore'
[0.822s] Level 1:colcon.colcon_core.package_identification:_identify(fishbot_navigation2) by extension 'ignore_ament_install'
[0.822s] Level 1:colcon.colcon_core.package_identification:_identify(fishbot_navigation2) by extensions ['colcon_pkg']
[0.822s] Level 1:colcon.colcon_core.package_identification:_identify(fishbot_navigation2) by extension 'colcon_pkg'
[0.822s] Level 1:colcon.colcon_core.package_identification:_identify(fishbot_navigation2) by extensions ['colcon_meta']
[0.822s] Level 1:colcon.colcon_core.package_identification:_identify(fishbot_navigation2) by extension 'colcon_meta'
[0.822s] Level 1:colcon.colcon_core.package_identification:_identify(fishbot_navigation2) by extensions ['ros']
[0.822s] Level 1:colcon.colcon_core.package_identification:_identify(fishbot_navigation2) by extension 'ros'
[0.823s] DEBUG:colcon.colcon_core.package_identification:Package 'fishbot_navigation2' with type 'ros.ament_cmake' and name 'fishbot_navigation2'
[0.824s] Level 1:colcon.colcon_core.package_identification:_identify(install) by extensions ['ignore', 'ignore_ament_install']
[0.824s] Level 1:colcon.colcon_core.package_identification:_identify(install) by extension 'ignore'
[0.824s] Level 1:colcon.colcon_core.package_identification:_identify(install) ignored
[0.824s] Level 1:colcon.colcon_core.package_identification:_identify(log) by extensions ['ignore', 'ignore_ament_install']
[0.825s] Level 1:colcon.colcon_core.package_identification:_identify(log) by extension 'ignore'
[0.825s] Level 1:colcon.colcon_core.package_identification:_identify(log) ignored
[0.825s] Level 1:colcon.colcon_core.package_discovery:discover_packages(recursive) using defaults
[0.825s] Level 1:colcon.colcon_core.package_discovery:discover_packages(ignore) discover
[0.825s] Level 1:colcon.colcon_core.package_discovery:discover_packages(ignore) using defaults
[0.825s] Level 1:colcon.colcon_core.package_discovery:discover_packages(path) discover
[0.825s] Level 1:colcon.colcon_core.package_discovery:discover_packages(path) using defaults
[0.899s] Level 1:colcon.colcon_core.package_discovery:discover_packages(prefix_path) check parameters
[0.899s] Level 1:colcon.colcon_core.package_discovery:discover_packages(prefix_path) discover
[0.909s] DEBUG:colcon.colcon_installed_package_information.package_discovery:Found 374 installed packages in /opt/ros/humble
[0.914s] Level 1:colcon.colcon_core.package_discovery:discover_packages(prefix_path) using defaults
[1.046s] Level 5:colcon.colcon_core.verb:set package 'fishbot_description' build argument 'cmake_args' from command line to 'None'
[1.046s] Level 5:colcon.colcon_core.verb:set package 'fishbot_description' build argument 'cmake_target' from command line to 'None'
[1.047s] Level 5:colcon.colcon_core.verb:set package 'fishbot_description' build argument 'cmake_target_skip_unavailable' from command line to 'False'
[1.047s] Level 5:colcon.colcon_core.verb:set package 'fishbot_description' build argument 'cmake_clean_cache' from command line to 'False'
[1.047s] Level 5:colcon.colcon_core.verb:set package 'fishbot_description' build argument 'cmake_clean_first' from command line to 'False'
[1.047s] Level 5:colcon.colcon_core.verb:set package 'fishbot_description' build argument 'cmake_force_configure' from command line to 'False'
[1.047s] Level 5:colcon.colcon_core.verb:set package 'fishbot_description' build argument 'ament_cmake_args' from command line to 'None'
[1.047s] Level 5:colcon.colcon_core.verb:set package 'fishbot_description' build argument 'catkin_cmake_args' from command line to 'None'
[1.047s] Level 5:colcon.colcon_core.verb:set package 'fishbot_description' build argument 'catkin_skip_building_tests' from command line to 'False'
[1.047s] DEBUG:colcon.colcon_core.verb:Building package 'fishbot_description' with the following arguments: {'ament_cmake_args': None, 'build_base': '/home/k664309/chapt7/chapt7_ws/src/build/fishbot_description', 'catkin_cmake_args': None, 'catkin_skip_building_tests': False, 'cmake_args': None, 'cmake_clean_cache': False, 'cmake_clean_first': False, 'cmake_force_configure': False, 'cmake_target': None, 'cmake_target_skip_unavailable': False, 'install_base': '/home/k664309/chapt7/chapt7_ws/src/install/fishbot_description', 'merge_install': False, 'path': '/home/k664309/chapt7/chapt7_ws/src/fishbot_description', 'symlink_install': False, 'test_result_base': None}
[1.048s] Level 5:colcon.colcon_core.verb:set package 'fishbot_navigation2' build argument 'cmake_args' from command line to 'None'
[1.048s] Level 5:colcon.colcon_core.verb:set package 'fishbot_navigation2' build argument 'cmake_target' from command line to 'None'
[1.048s] Level 5:colcon.colcon_core.verb:set package 'fishbot_navigation2' build argument 'cmake_target_skip_unavailable' from command line to 'False'
[1.048s] Level 5:colcon.colcon_core.verb:set package 'fishbot_navigation2' build argument 'cmake_clean_cache' from command line to 'False'
[1.048s] Level 5:colcon.colcon_core.verb:set package 'fishbot_navigation2' build argument 'cmake_clean_first' from command line to 'False'
[1.048s] Level 5:colcon.colcon_core.verb:set package 'fishbot_navigation2' build argument 'cmake_force_configure' from command line to 'False'
[1.048s] Level 5:colcon.colcon_core.verb:set package 'fishbot_navigation2' build argument 'ament_cmake_args' from command line to 'None'
[1.048s] Level 5:colcon.colcon_core.verb:set package 'fishbot_navigation2' build argument 'catkin_cmake_args' from command line to 'None'
[1.048s] Level 5:colcon.colcon_core.verb:set package 'fishbot_navigation2' build argument 'catkin_skip_building_tests' from command line to 'False'
[1.048s] DEBUG:colcon.colcon_core.verb:Building package 'fishbot_navigation2' with the following arguments: {'ament_cmake_args': None, 'build_base': '/home/k664309/chapt7/chapt7_ws/src/build/fishbot_navigation2', 'catkin_cmake_args': None, 'catkin_skip_building_tests': False, 'cmake_args': None, 'cmake_clean_cache': False, 'cmake_clean_first': False, 'cmake_force_configure': False, 'cmake_target': None, 'cmake_target_skip_unavailable': False, 'install_base': '/home/k664309/chapt7/chapt7_ws/src/install/fishbot_navigation2', 'merge_install': False, 'path': '/home/k664309/chapt7/chapt7_ws/src/fishbot_navigation2', 'symlink_install': False, 'test_result_base': None}
[1.049s] INFO:colcon.colcon_core.executor:Executing jobs using 'parallel' executor
[1.051s] DEBUG:colcon.colcon_parallel_executor.executor.parallel:run_until_complete
[1.052s] INFO:colcon.colcon_ros.task.ament_cmake.build:Building ROS package in '/home/k664309/chapt7/chapt7_ws/src/fishbot_description' with build type 'ament_cmake'
[1.052s] INFO:colcon.colcon_cmake.task.cmake.build:Building CMake package in '/home/k664309/chapt7/chapt7_ws/src/fishbot_description'
[1.059s] INFO:colcon.colcon_core.plugin_system:Skipping extension 'colcon_core.shell.bat': Not used on non-Windows systems
[1.059s] INFO:colcon.colcon_core.shell:Skip shell extension 'powershell' for command environment: Not usable outside of PowerShell
[1.059s] DEBUG:colcon.colcon_core.shell:Skip shell extension 'dsv' for command environment
[1.068s] INFO:colcon.colcon_ros.task.ament_cmake.build:Building ROS package in '/home/k664309/chapt7/chapt7_ws/src/fishbot_navigation2' with build type 'ament_cmake'
[1.069s] INFO:colcon.colcon_cmake.task.cmake.build:Building CMake package in '/home/k664309/chapt7/chapt7_ws/src/fishbot_navigation2'
[1.069s] INFO:colcon.colcon_core.shell:Skip shell extension 'powershell' for command environment: Not usable outside of PowerShell
[1.070s] DEBUG:colcon.colcon_core.shell:Skip shell extension 'dsv' for command environment
[1.093s] DEBUG:colcon.colcon_core.event_handler.log_command:Invoking command in '/home/k664309/chapt7/chapt7_ws/src/build/fishbot_description': CMAKE_PREFIX_PATH=/opt/ros/humble /usr/bin/cmake /home/k664309/chapt7/chapt7_ws/src/fishbot_description -DCMAKE_INSTALL_PREFIX=/home/k664309/chapt7/chapt7_ws/src/install/fishbot_description
[1.105s] DEBUG:colcon.colcon_core.event_handler.log_command:Invoking command in '/home/k664309/chapt7/chapt7_ws/src/build/fishbot_navigation2': CMAKE_PREFIX_PATH=/opt/ros/humble /usr/bin/cmake /home/k664309/chapt7/chapt7_ws/src/fishbot_navigation2 -DCMAKE_INSTALL_PREFIX=/home/k664309/chapt7/chapt7_ws/src/install/fishbot_navigation2
[4.045s] DEBUG:colcon.colcon_core.event_handler.log_command:Invoked command in '/home/k664309/chapt7/chapt7_ws/src/build/fishbot_navigation2' returned '0': CMAKE_PREFIX_PATH=/opt/ros/humble /usr/bin/cmake /home/k664309/chapt7/chapt7_ws/src/fishbot_navigation2 -DCMAKE_INSTALL_PREFIX=/home/k664309/chapt7/chapt7_ws/src/install/fishbot_navigation2
[4.052s] DEBUG:colcon.colcon_core.event_handler.log_command:Invoking command in '/home/k664309/chapt7/chapt7_ws/src/build/fishbot_navigation2': CMAKE_PREFIX_PATH=/opt/ros/humble /usr/bin/cmake --build /home/k664309/chapt7/chapt7_ws/src/build/fishbot_navigation2 -- -j6 -l6
[4.060s] DEBUG:colcon.colcon_core.event_handler.log_command:Invoked command in '/home/k664309/chapt7/chapt7_ws/src/build/fishbot_description' returned '0': CMAKE_PREFIX_PATH=/opt/ros/humble /usr/bin/cmake /home/k664309/chapt7/chapt7_ws/src/fishbot_description -DCMAKE_INSTALL_PREFIX=/home/k664309/chapt7/chapt7_ws/src/install/fishbot_description
[4.064s] DEBUG:colcon.colcon_core.event_handler.log_command:Invoking command in '/home/k664309/chapt7/chapt7_ws/src/build/fishbot_description': CMAKE_PREFIX_PATH=/opt/ros/humble /usr/bin/cmake --build /home/k664309/chapt7/chapt7_ws/src/build/fishbot_description -- -j6 -l6
[4.227s] DEBUG:colcon.colcon_core.event_handler.log_command:Invoked command in '/home/k664309/chapt7/chapt7_ws/src/build/fishbot_description' returned '0': CMAKE_PREFIX_PATH=/opt/ros/humble /usr/bin/cmake --build /home/k664309/chapt7/chapt7_ws/src/build/fishbot_description -- -j6 -l6
[4.263s] DEBUG:colcon.colcon_core.event_handler.log_command:Invoking command in '/home/k664309/chapt7/chapt7_ws/src/build/fishbot_description': CMAKE_PREFIX_PATH=/opt/ros/humble /usr/bin/cmake --install /home/k664309/chapt7/chapt7_ws/src/build/fishbot_description
[4.276s] DEBUG:colcon.colcon_core.event_handler.log_command:Invoked command in '/home/k664309/chapt7/chapt7_ws/src/build/fishbot_navigation2' returned '0': CMAKE_PREFIX_PATH=/opt/ros/humble /usr/bin/cmake --build /home/k664309/chapt7/chapt7_ws/src/build/fishbot_navigation2 -- -j6 -l6
[4.279s] DEBUG:colcon.colcon_core.event_handler.log_command:Invoking command in '/home/k664309/chapt7/chapt7_ws/src/build/fishbot_navigation2': CMAKE_PREFIX_PATH=/opt/ros/humble /usr/bin/cmake --install /home/k664309/chapt7/chapt7_ws/src/build/fishbot_navigation2
[4.342s] Level 1:colcon.colcon_core.environment:create_environment_scripts_only(fishbot_description)
[4.348s] DEBUG:colcon.colcon_core.event_handler.log_command:Invoked command in '/home/k664309/chapt7/chapt7_ws/src/build/fishbot_description' returned '0': CMAKE_PREFIX_PATH=/opt/ros/humble /usr/bin/cmake --install /home/k664309/chapt7/chapt7_ws/src/build/fishbot_description
[4.355s] Level 1:colcon.colcon_core.environment:checking '/home/k664309/chapt7/chapt7_ws/src/install/fishbot_description' for CMake module files
[4.356s] Level 1:colcon.colcon_core.environment:checking '/home/k664309/chapt7/chapt7_ws/src/install/fishbot_description' for CMake config files
[4.357s] Level 1:colcon.colcon_core.shell:create_environment_hook('fishbot_description', 'cmake_prefix_path')
[4.357s] INFO:colcon.colcon_core.shell:Creating environment hook '/home/k664309/chapt7/chapt7_ws/src/install/fishbot_description/share/fishbot_description/hook/cmake_prefix_path.ps1'
[4.360s] INFO:colcon.colcon_core.shell:Creating environment descriptor '/home/k664309/chapt7/chapt7_ws/src/install/fishbot_description/share/fishbot_description/hook/cmake_prefix_path.dsv'
[4.361s] INFO:colcon.colcon_core.shell:Creating environment hook '/home/k664309/chapt7/chapt7_ws/src/install/fishbot_description/share/fishbot_description/hook/cmake_prefix_path.sh'
[4.363s] Level 1:colcon.colcon_core.environment:checking '/home/k664309/chapt7/chapt7_ws/src/install/fishbot_description/bin'
[4.363s] Level 1:colcon.colcon_core.environment:checking '/home/k664309/chapt7/chapt7_ws/src/install/fishbot_description/lib/pkgconfig/fishbot_description.pc'
[4.363s] Level 1:colcon.colcon_core.environment:checking '/home/k664309/chapt7/chapt7_ws/src/install/fishbot_description/lib/python3.10/site-packages'
[4.364s] Level 1:colcon.colcon_core.environment:checking '/home/k664309/chapt7/chapt7_ws/src/install/fishbot_description/bin'
[4.365s] INFO:colcon.colcon_core.shell:Creating package script '/home/k664309/chapt7/chapt7_ws/src/install/fishbot_description/share/fishbot_description/package.ps1'
[4.367s] INFO:colcon.colcon_core.shell:Creating package descriptor '/home/k664309/chapt7/chapt7_ws/src/install/fishbot_description/share/fishbot_description/package.dsv'
[4.368s] INFO:colcon.colcon_core.shell:Creating package script '/home/k664309/chapt7/chapt7_ws/src/install/fishbot_description/share/fishbot_description/package.sh'
[4.370s] INFO:colcon.colcon_core.shell:Creating package script '/home/k664309/chapt7/chapt7_ws/src/install/fishbot_description/share/fishbot_description/package.bash'
[4.372s] INFO:colcon.colcon_core.shell:Creating package script '/home/k664309/chapt7/chapt7_ws/src/install/fishbot_description/share/fishbot_description/package.zsh'
[4.374s] Level 1:colcon.colcon_core.environment:create_file_with_runtime_dependencies(/home/k664309/chapt7/chapt7_ws/src/install/fishbot_description/share/colcon-core/packages/fishbot_description)
[4.375s] Level 1:colcon.colcon_core.environment:create_environment_scripts_only(fishbot_description)
[4.376s] Level 1:colcon.colcon_core.environment:checking '/home/k664309/chapt7/chapt7_ws/src/install/fishbot_description' for CMake module files
[4.377s] Level 1:colcon.colcon_core.environment:checking '/home/k664309/chapt7/chapt7_ws/src/install/fishbot_description' for CMake config files
[4.378s] Level 1:colcon.colcon_core.shell:create_environment_hook('fishbot_description', 'cmake_prefix_path')
[4.378s] INFO:colcon.colcon_core.shell:Creating environment hook '/home/k664309/chapt7/chapt7_ws/src/install/fishbot_description/share/fishbot_description/hook/cmake_prefix_path.ps1'
[4.380s] INFO:colcon.colcon_core.shell:Creating environment descriptor '/home/k664309/chapt7/chapt7_ws/src/install/fishbot_description/share/fishbot_description/hook/cmake_prefix_path.dsv'
[4.381s] INFO:colcon.colcon_core.shell:Creating environment hook '/home/k664309/chapt7/chapt7_ws/src/install/fishbot_description/share/fishbot_description/hook/cmake_prefix_path.sh'
[4.383s] Level 1:colcon.colcon_core.environment:checking '/home/k664309/chapt7/chapt7_ws/src/install/fishbot_description/bin'
[4.383s] Level 1:colcon.colcon_core.environment:checking '/home/k664309/chapt7/chapt7_ws/src/install/fishbot_description/lib/pkgconfig/fishbot_description.pc'
[4.384s] Level 1:colcon.colcon_core.environment:checking '/home/k664309/chapt7/chapt7_ws/src/install/fishbot_description/lib/python3.10/site-packages'
[4.384s] Level 1:colcon.colcon_core.environment:checking '/home/k664309/chapt7/chapt7_ws/src/install/fishbot_description/bin'
[4.386s] INFO:colcon.colcon_core.shell:Creating package script '/home/k664309/chapt7/chapt7_ws/src/install/fishbot_description/share/fishbot_description/package.ps1'
[4.387s] INFO:colcon.colcon_core.shell:Creating package descriptor '/home/k664309/chapt7/chapt7_ws/src/install/fishbot_description/share/fishbot_description/package.dsv'
[4.389s] INFO:colcon.colcon_core.shell:Creating package script '/home/k664309/chapt7/chapt7_ws/src/install/fishbot_description/share/fishbot_description/package.sh'
[4.391s] INFO:colcon.colcon_core.shell:Creating package script '/home/k664309/chapt7/chapt7_ws/src/install/fishbot_description/share/fishbot_description/package.bash'
[4.393s] INFO:colcon.colcon_core.shell:Creating package script '/home/k664309/chapt7/chapt7_ws/src/install/fishbot_description/share/fishbot_description/package.zsh'
[4.395s] Level 1:colcon.colcon_core.environment:create_file_with_runtime_dependencies(/home/k664309/chapt7/chapt7_ws/src/install/fishbot_description/share/colcon-core/packages/fishbot_description)
[4.398s] Level 1:colcon.colcon_core.environment:create_environment_scripts_only(fishbot_navigation2)
[4.399s] Level 1:colcon.colcon_core.environment:checking '/home/k664309/chapt7/chapt7_ws/src/install/fishbot_navigation2' for CMake module files
[4.401s] DEBUG:colcon.colcon_core.event_handler.log_command:Invoked command in '/home/k664309/chapt7/chapt7_ws/src/build/fishbot_navigation2' returned '0': CMAKE_PREFIX_PATH=/opt/ros/humble /usr/bin/cmake --install /home/k664309/chapt7/chapt7_ws/src/build/fishbot_navigation2
[4.402s] Level 1:colcon.colcon_core.environment:checking '/home/k664309/chapt7/chapt7_ws/src/install/fishbot_navigation2' for CMake config files
[4.403s] Level 1:colcon.colcon_core.shell:create_environment_hook('fishbot_navigation2', 'cmake_prefix_path')
[4.404s] INFO:colcon.colcon_core.shell:Creating environment hook '/home/k664309/chapt7/chapt7_ws/src/install/fishbot_navigation2/share/fishbot_navigation2/hook/cmake_prefix_path.ps1'
[4.404s] INFO:colcon.colcon_core.shell:Creating environment descriptor '/home/k664309/chapt7/chapt7_ws/src/install/fishbot_navigation2/share/fishbot_navigation2/hook/cmake_prefix_path.dsv'
[4.405s] INFO:colcon.colcon_core.shell:Creating environment hook '/home/k664309/chapt7/chapt7_ws/src/install/fishbot_navigation2/share/fishbot_navigation2/hook/cmake_prefix_path.sh'
[4.406s] Level 1:colcon.colcon_core.environment:checking '/home/k664309/chapt7/chapt7_ws/src/install/fishbot_navigation2/bin'
[4.406s] Level 1:colcon.colcon_core.environment:checking '/home/k664309/chapt7/chapt7_ws/src/install/fishbot_navigation2/lib/pkgconfig/fishbot_navigation2.pc'
[4.407s] Level 1:colcon.colcon_core.environment:checking '/home/k664309/chapt7/chapt7_ws/src/install/fishbot_navigation2/lib/python3.10/site-packages'
[4.407s] Level 1:colcon.colcon_core.environment:checking '/home/k664309/chapt7/chapt7_ws/src/install/fishbot_navigation2/bin'
[4.408s] INFO:colcon.colcon_core.shell:Creating package script '/home/k664309/chapt7/chapt7_ws/src/install/fishbot_navigation2/share/fishbot_navigation2/package.ps1'
[4.409s] INFO:colcon.colcon_core.shell:Creating package descriptor '/home/k664309/chapt7/chapt7_ws/src/install/fishbot_navigation2/share/fishbot_navigation2/package.dsv'
[4.412s] INFO:colcon.colcon_core.shell:Creating package script '/home/k664309/chapt7/chapt7_ws/src/install/fishbot_navigation2/share/fishbot_navigation2/package.sh'
[4.413s] INFO:colcon.colcon_core.shell:Creating package script '/home/k664309/chapt7/chapt7_ws/src/install/fishbot_navigation2/share/fishbot_navigation2/package.bash'
[4.414s] INFO:colcon.colcon_core.shell:Creating package script '/home/k664309/chapt7/chapt7_ws/src/install/fishbot_navigation2/share/fishbot_navigation2/package.zsh'
[4.416s] Level 1:colcon.colcon_core.environment:create_file_with_runtime_dependencies(/home/k664309/chapt7/chapt7_ws/src/install/fishbot_navigation2/share/colcon-core/packages/fishbot_navigation2)
[4.419s] Level 1:colcon.colcon_core.environment:create_environment_scripts_only(fishbot_navigation2)
[4.419s] Level 1:colcon.colcon_core.environment:checking '/home/k664309/chapt7/chapt7_ws/src/install/fishbot_navigation2' for CMake module files
[4.421s] Level 1:colcon.colcon_core.environment:checking '/home/k664309/chapt7/chapt7_ws/src/install/fishbot_navigation2' for CMake config files
[4.421s] Level 1:colcon.colcon_core.shell:create_environment_hook('fishbot_navigation2', 'cmake_prefix_path')
[4.422s] INFO:colcon.colcon_core.shell:Creating environment hook '/home/k664309/chapt7/chapt7_ws/src/install/fishbot_navigation2/share/fishbot_navigation2/hook/cmake_prefix_path.ps1'
[4.423s] INFO:colcon.colcon_core.shell:Creating environment descriptor '/home/k664309/chapt7/chapt7_ws/src/install/fishbot_navigation2/share/fishbot_navigation2/hook/cmake_prefix_path.dsv'
[4.424s] INFO:colcon.colcon_core.shell:Creating environment hook '/home/k664309/chapt7/chapt7_ws/src/install/fishbot_navigation2/share/fishbot_navigation2/hook/cmake_prefix_path.sh'
[4.426s] Level 1:colcon.colcon_core.environment:checking '/home/k664309/chapt7/chapt7_ws/src/install/fishbot_navigation2/bin'
[4.427s] Level 1:colcon.colcon_core.environment:checking '/home/k664309/chapt7/chapt7_ws/src/install/fishbot_navigation2/lib/pkgconfig/fishbot_navigation2.pc'
[4.427s] Level 1:colcon.colcon_core.environment:checking '/home/k664309/chapt7/chapt7_ws/src/install/fishbot_navigation2/lib/python3.10/site-packages'
[4.428s] Level 1:colcon.colcon_core.environment:checking '/home/k664309/chapt7/chapt7_ws/src/install/fishbot_navigation2/bin'
[4.429s] INFO:colcon.colcon_core.shell:Creating package script '/home/k664309/chapt7/chapt7_ws/src/install/fishbot_navigation2/share/fishbot_navigation2/package.ps1'
[4.431s] INFO:colcon.colcon_core.shell:Creating package descriptor '/home/k664309/chapt7/chapt7_ws/src/install/fishbot_navigation2/share/fishbot_navigation2/package.dsv'
[4.432s] INFO:colcon.colcon_core.shell:Creating package script '/home/k664309/chapt7/chapt7_ws/src/install/fishbot_navigation2/share/fishbot_navigation2/package.sh'
[4.434s] INFO:colcon.colcon_core.shell:Creating package script '/home/k664309/chapt7/chapt7_ws/src/install/fishbot_navigation2/share/fishbot_navigation2/package.bash'
[4.435s] INFO:colcon.colcon_core.shell:Creating package script '/home/k664309/chapt7/chapt7_ws/src/install/fishbot_navigation2/share/fishbot_navigation2/package.zsh'
[4.436s] Level 1:colcon.colcon_core.environment:create_file_with_runtime_dependencies(/home/k664309/chapt7/chapt7_ws/src/install/fishbot_navigation2/share/colcon-core/packages/fishbot_navigation2)
[4.437s] DEBUG:colcon.colcon_parallel_executor.executor.parallel:closing loop
[4.438s] DEBUG:colcon.colcon_parallel_executor.executor.parallel:loop closed
[4.438s] DEBUG:colcon.colcon_parallel_executor.executor.parallel:run_until_complete finished with '0'
[4.438s] DEBUG:colcon.colcon_core.event_reactor:joining thread
[4.464s] INFO:colcon.colcon_core.plugin_system:Skipping extension 'colcon_notification.desktop_notification.terminal_notifier': Not used on non-Darwin systems
[4.464s] INFO:colcon.colcon_core.plugin_system:Skipping extension 'colcon_notification.desktop_notification.win32': Not used on non-Windows systems
[4.464s] INFO:colcon.colcon_notification.desktop_notification:Sending desktop notification using 'notify2'
[4.523s] DEBUG:colcon.colcon_core.event_reactor:joined thread
[4.524s] INFO:colcon.colcon_core.shell:Creating prefix script '/home/k664309/chapt7/chapt7_ws/src/install/local_setup.ps1'
[4.527s] INFO:colcon.colcon_core.shell:Creating prefix util module '/home/k664309/chapt7/chapt7_ws/src/install/_local_setup_util_ps1.py'
[4.531s] INFO:colcon.colcon_core.shell:Creating prefix chain script '/home/k664309/chapt7/chapt7_ws/src/install/setup.ps1'
[4.534s] INFO:colcon.colcon_core.shell:Creating prefix script '/home/k664309/chapt7/chapt7_ws/src/install/local_setup.sh'
[4.536s] INFO:colcon.colcon_core.shell:Creating prefix util module '/home/k664309/chapt7/chapt7_ws/src/install/_local_setup_util_sh.py'
[4.538s] INFO:colcon.colcon_core.shell:Creating prefix chain script '/home/k664309/chapt7/chapt7_ws/src/install/setup.sh'
[4.541s] INFO:colcon.colcon_core.shell:Creating prefix script '/home/k664309/chapt7/chapt7_ws/src/install/local_setup.bash'
[4.542s] INFO:colcon.colcon_core.shell:Creating prefix chain script '/home/k664309/chapt7/chapt7_ws/src/install/setup.bash'
[4.545s] INFO:colcon.colcon_core.shell:Creating prefix script '/home/k664309/chapt7/chapt7_ws/src/install/local_setup.zsh'
[4.546s] INFO:colcon.colcon_core.shell:Creating prefix chain script '/home/k664309/chapt7/chapt7_ws/src/install/setup.zsh'
