[2.510s] Invoking command in '/home/k664309/chapt7/chapt7_ws/src/fishbot_application': PYTHONPATH=/home/k664309/chapt7/chapt7_ws/src/build/fishbot_application/prefix_override:/usr/lib/python3/dist-packages/colcon_core/task/python/colcon_distutils_commands:/home/k664309/chapt7/chapt7_ws/src/install/fishbot_application/lib/python3.10/site-packages:${PYTHONPATH} /usr/bin/python3 -W ignore:setup.py install is deprecated -W ignore:easy_install command is deprecated setup.py egg_info --egg-base ../build/fishbot_application build --build-base /home/k664309/chapt7/chapt7_ws/src/build/fishbot_application/build install --record /home/k664309/chapt7/chapt7_ws/src/build/fishbot_application/install.log --single-version-externally-managed install_data
[3.131s] running egg_info
[3.135s] writing ../build/fishbot_application/fishbot_application.egg-info/PKG-INFO
[3.136s] writing dependency_links to ../build/fishbot_application/fishbot_application.egg-info/dependency_links.txt
[3.138s] writing entry points to ../build/fishbot_application/fishbot_application.egg-info/entry_points.txt
[3.141s] writing requirements to ../build/fishbot_application/fishbot_application.egg-info/requires.txt
[3.141s] writing top-level names to ../build/fishbot_application/fishbot_application.egg-info/top_level.txt
[3.147s] reading manifest file '../build/fishbot_application/fishbot_application.egg-info/SOURCES.txt'
[3.149s] adding license file 'LICENSE'
[3.149s] writing manifest file '../build/fishbot_application/fishbot_application.egg-info/SOURCES.txt'
[3.150s] running build
[3.150s] running build_py
[3.150s] running install
[3.152s] running install_lib
[3.155s] running install_data
[3.156s] running install_egg_info
[3.159s] removing '/home/k664309/chapt7/chapt7_ws/src/install/fishbot_application/lib/python3.10/site-packages/fishbot_application-0.0.0-py3.10.egg-info' (and everything under it)
[3.159s] Copying ../build/fishbot_application/fishbot_application.egg-info to /home/k664309/chapt7/chapt7_ws/src/install/fishbot_application/lib/python3.10/site-packages/fishbot_application-0.0.0-py3.10.egg-info
[3.162s] running install_scripts
[3.207s] Installing get_robot_pose script to /home/k664309/chapt7/chapt7_ws/src/install/fishbot_application/lib/fishbot_application
[3.208s] Installing init_robot_pose script to /home/k664309/chapt7/chapt7_ws/src/install/fishbot_application/lib/fishbot_application
[3.209s] Installing nav_to_pose script to /home/k664309/chapt7/chapt7_ws/src/install/fishbot_application/lib/fishbot_application
[3.210s] Installing waypoint_follower script to /home/k664309/chapt7/chapt7_ws/src/install/fishbot_application/lib/fishbot_application
[3.211s] writing list of installed files to '/home/k664309/chapt7/chapt7_ws/src/build/fishbot_application/install.log'
[3.263s] Invoked command in '/home/k664309/chapt7/chapt7_ws/src/fishbot_application' returned '0': PYTHONPATH=/home/k664309/chapt7/chapt7_ws/src/build/fishbot_application/prefix_override:/usr/lib/python3/dist-packages/colcon_core/task/python/colcon_distutils_commands:/home/k664309/chapt7/chapt7_ws/src/install/fishbot_application/lib/python3.10/site-packages:${PYTHONPATH} /usr/bin/python3 -W ignore:setup.py install is deprecated -W ignore:easy_install command is deprecated setup.py egg_info --egg-base ../build/fishbot_application build --build-base /home/k664309/chapt7/chapt7_ws/src/build/fishbot_application/build install --record /home/k664309/chapt7/chapt7_ws/src/build/fishbot_application/install.log --single-version-externally-managed install_data
