[0.033s] Invoking command in '/home/k664309/chapt7/chapt7_ws/src/build/fishbot_navigation2': CMAKE_PREFIX_PATH=/opt/ros/humble /usr/bin/cmake /home/k664309/chapt7/chapt7_ws/src/fishbot_navigation2 -DCMAKE_INSTALL_PREFIX=/home/k664309/chapt7/chapt7_ws/src/install/fishbot_navigation2
[0.479s] -- The C compiler identification is GNU 11.4.0
[0.846s] -- The CXX compiler identification is GNU 11.4.0
[0.898s] -- Detecting C compiler ABI info
[1.239s] -- Detecting C compiler ABI info - done
[1.260s] -- Check for working C compiler: /usr/bin/cc - skipped
[1.260s] -- Detecting C compile features
[1.263s] -- Detecting C compile features - done
[1.277s] -- Detecting CXX compiler ABI info
[1.772s] -- Detecting CXX compiler ABI info - done
[1.802s] -- Check for working CXX compiler: /usr/bin/c++ - skipped
[1.802s] -- Detecting CXX compile features
[1.804s] -- Detecting CXX compile features - done
[1.812s] -- Found ament_cmake: 1.3.12 (/opt/ros/humble/share/ament_cmake/cmake)
[2.235s] -- Found Python3: /usr/bin/python3 (found version "3.10.12") found components: Interpreter 
[2.595s] -- Found ament_lint_auto: 0.12.14 (/opt/ros/humble/share/ament_lint_auto/cmake)
[2.910s] -- Added test 'flake8' to check Python code syntax and style conventions
[2.915s] -- Added test 'lint_cmake' to check CMake code style
[2.918s] -- Added test 'pep257' to check Python code against some of the docstring style conventions in PEP 257
[2.929s] -- Added test 'xmllint' to check XML markup files
[2.940s] -- Configuring done
[2.952s] -- Generating done
[2.955s] -- Build files have been written to: /home/k664309/chapt7/chapt7_ws/src/build/fishbot_navigation2
[2.974s] Invoked command in '/home/k664309/chapt7/chapt7_ws/src/build/fishbot_navigation2' returned '0': CMAKE_PREFIX_PATH=/opt/ros/humble /usr/bin/cmake /home/k664309/chapt7/chapt7_ws/src/fishbot_navigation2 -DCMAKE_INSTALL_PREFIX=/home/k664309/chapt7/chapt7_ws/src/install/fishbot_navigation2
[2.981s] Invoking command in '/home/k664309/chapt7/chapt7_ws/src/build/fishbot_navigation2': CMAKE_PREFIX_PATH=/opt/ros/humble /usr/bin/cmake --build /home/k664309/chapt7/chapt7_ws/src/build/fishbot_navigation2 -- -j6 -l6
[3.205s] Invoked command in '/home/k664309/chapt7/chapt7_ws/src/build/fishbot_navigation2' returned '0': CMAKE_PREFIX_PATH=/opt/ros/humble /usr/bin/cmake --build /home/k664309/chapt7/chapt7_ws/src/build/fishbot_navigation2 -- -j6 -l6
[3.206s] Invoking command in '/home/k664309/chapt7/chapt7_ws/src/build/fishbot_navigation2': CMAKE_PREFIX_PATH=/opt/ros/humble /usr/bin/cmake --install /home/k664309/chapt7/chapt7_ws/src/build/fishbot_navigation2
[3.243s] -- Install configuration: ""
[3.243s] -- Installing: /home/k664309/chapt7/chapt7_ws/src/install/fishbot_navigation2/share/fishbot_navigation2/launch
[3.248s] -- Installing: /home/k664309/chapt7/chapt7_ws/src/install/fishbot_navigation2/share/fishbot_navigation2/launch/navigation2.launch.py
[3.248s] -- Installing: /home/k664309/chapt7/chapt7_ws/src/install/fishbot_navigation2/share/fishbot_navigation2/config
[3.248s] -- Installing: /home/k664309/chapt7/chapt7_ws/src/install/fishbot_navigation2/share/fishbot_navigation2/config/nav2_params.yaml
[3.248s] -- Installing: /home/k664309/chapt7/chapt7_ws/src/install/fishbot_navigation2/share/fishbot_navigation2/maps
[3.249s] -- Installing: /home/k664309/chapt7/chapt7_ws/src/install/fishbot_navigation2/share/fishbot_navigation2/maps/room.yaml
[3.249s] -- Installing: /home/k664309/chapt7/chapt7_ws/src/install/fishbot_navigation2/share/fishbot_navigation2/maps/room.pgm
[3.250s] -- Installing: /home/k664309/chapt7/chapt7_ws/src/install/fishbot_navigation2/share/ament_index/resource_index/package_run_dependencies/fishbot_navigation2
[3.255s] -- Installing: /home/k664309/chapt7/chapt7_ws/src/install/fishbot_navigation2/share/ament_index/resource_index/parent_prefix_path/fishbot_navigation2
[3.260s] -- Installing: /home/k664309/chapt7/chapt7_ws/src/install/fishbot_navigation2/share/fishbot_navigation2/environment/ament_prefix_path.sh
[3.260s] -- Installing: /home/k664309/chapt7/chapt7_ws/src/install/fishbot_navigation2/share/fishbot_navigation2/environment/ament_prefix_path.dsv
[3.264s] -- Installing: /home/k664309/chapt7/chapt7_ws/src/install/fishbot_navigation2/share/fishbot_navigation2/environment/path.sh
[3.264s] -- Installing: /home/k664309/chapt7/chapt7_ws/src/install/fishbot_navigation2/share/fishbot_navigation2/environment/path.dsv
[3.267s] -- Installing: /home/k664309/chapt7/chapt7_ws/src/install/fishbot_navigation2/share/fishbot_navigation2/local_setup.bash
[3.268s] -- Installing: /home/k664309/chapt7/chapt7_ws/src/install/fishbot_navigation2/share/fishbot_navigation2/local_setup.sh
[3.271s] -- Installing: /home/k664309/chapt7/chapt7_ws/src/install/fishbot_navigation2/share/fishbot_navigation2/local_setup.zsh
[3.272s] -- Installing: /home/k664309/chapt7/chapt7_ws/src/install/fishbot_navigation2/share/fishbot_navigation2/local_setup.dsv
[3.274s] -- Installing: /home/k664309/chapt7/chapt7_ws/src/install/fishbot_navigation2/share/fishbot_navigation2/package.dsv
[3.277s] -- Installing: /home/k664309/chapt7/chapt7_ws/src/install/fishbot_navigation2/share/ament_index/resource_index/packages/fishbot_navigation2
[3.279s] -- Installing: /home/k664309/chapt7/chapt7_ws/src/install/fishbot_navigation2/share/fishbot_navigation2/cmake/fishbot_navigation2Config.cmake
[3.279s] -- Installing: /home/k664309/chapt7/chapt7_ws/src/install/fishbot_navigation2/share/fishbot_navigation2/cmake/fishbot_navigation2Config-version.cmake
[3.279s] -- Installing: /home/k664309/chapt7/chapt7_ws/src/install/fishbot_navigation2/share/fishbot_navigation2/package.xml
[3.330s] Invoked command in '/home/k664309/chapt7/chapt7_ws/src/build/fishbot_navigation2' returned '0': CMAKE_PREFIX_PATH=/opt/ros/humble /usr/bin/cmake --install /home/k664309/chapt7/chapt7_ws/src/build/fishbot_navigation2
